<?xml version="1.0" encoding="utf-8"?>
<CoverageSession>
  <Summary numSequencePoints="1174" visitedSequencePoints="1102" numBranchPoints="298" visitedBranchPoints="220" sequenceCoverage="93.86" branchCoverage="73.82" maxCyclomaticComplexity="358" minCyclomaticComplexity="358" visitedClasses="33" numClasses="33" visitedMethods="108" numMethods="113" />
  <Modules>
    <Module hash="3483A43A-5D70-4EAC-81A8-702926D6A771">
      <ModulePath>FormBuilder.API.dll</ModulePath>
      <ModuleTime>2025-11-06T09:10:20</ModuleTime>
      <ModuleName>FormBuilder.API</ModuleName>
      <Files>
        <File uid="1" fullPath="C:\Users\ragul.n_disprz\Form_Builder\Backend\FormBuilder.API\Services\JwtService.cs" />
        <File uid="2" fullPath="C:\Users\ragul.n_disprz\Form_Builder\Backend\FormBuilder.API\Services\PasswordHasher.cs" />
        <File uid="3" fullPath="C:\Users\ragul.n_disprz\Form_Builder\Backend\FormBuilder.API\Models\FileAttachment.cs" />
        <File uid="4" fullPath="C:\Users\ragul.n_disprz\Form_Builder\Backend\FormBuilder.API\Models\Form.cs" />
        <File uid="5" fullPath="C:\Users\ragul.n_disprz\Form_Builder\Backend\FormBuilder.API\Models\MongoBaseEntity.cs" />
        <File uid="6" fullPath="C:\Users\ragul.n_disprz\Form_Builder\Backend\FormBuilder.API\Models\Question.cs" />
        <File uid="7" fullPath="C:\Users\ragul.n_disprz\Form_Builder\Backend\FormBuilder.API\Models\Response.cs" />
        <File uid="8" fullPath="C:\Users\ragul.n_disprz\Form_Builder\Backend\FormBuilder.API\Models\ResponseDetail.cs" />
        <File uid="9" fullPath="C:\Users\ragul.n_disprz\Form_Builder\Backend\FormBuilder.API\DTOs\Form\FormConfigDto.cs" />
        <File uid="10" fullPath="C:\Users\ragul.n_disprz\Form_Builder\Backend\FormBuilder.API\DTOs\Form\FormLayoutDto.cs" />
        <File uid="11" fullPath="C:\Users\ragul.n_disprz\Form_Builder\Backend\FormBuilder.API\DTOs\Form\FormSubmissionDto.cs" />
        <File uid="12" fullPath="C:\Users\ragul.n_disprz\Form_Builder\Backend\FormBuilder.API\DTOs\Form\QuestionDto.cs" />
        <File uid="13" fullPath="C:\Users\ragul.n_disprz\Form_Builder\Backend\FormBuilder.API\DTOs\Common\PaginatedResponse.cs" />
        <File uid="14" fullPath="C:\Users\ragul.n_disprz\Form_Builder\Backend\FormBuilder.API\DataAccess\Implementations\FileAttachmentRepository.cs" />
        <File uid="15" fullPath="C:\Users\ragul.n_disprz\Form_Builder\Backend\FormBuilder.API\DataAccess\Implementations\FormRepository.cs" />
        <File uid="16" fullPath="C:\Users\ragul.n_disprz\Form_Builder\Backend\FormBuilder.API\DataAccess\Implementations\QuestionRepository.cs" />
        <File uid="17" fullPath="C:\Users\ragul.n_disprz\Form_Builder\Backend\FormBuilder.API\DataAccess\Implementations\ResponseRepository.cs" />
        <File uid="18" fullPath="C:\Users\ragul.n_disprz\Form_Builder\Backend\FormBuilder.API\DataAccess\Implementations\UserRepository.cs" />
        <File uid="19" fullPath="C:\Users\ragul.n_disprz\Form_Builder\Backend\FormBuilder.API\Controllers\AuthController.cs" />
        <File uid="20" fullPath="C:\Users\ragul.n_disprz\Form_Builder\Backend\FormBuilder.API\Controllers\FormController.cs" />
        <File uid="21" fullPath="C:\Users\ragul.n_disprz\Form_Builder\Backend\FormBuilder.API\Controllers\ResponseController.cs" />
        <File uid="22" fullPath="C:\Users\ragul.n_disprz\Form_Builder\Backend\FormBuilder.API\Common\Middleware\ExceptionMiddleware.cs" />
        <File uid="23" fullPath="C:\Users\ragul.n_disprz\Form_Builder\Backend\FormBuilder.API\Common\Middleware\JwtMiddleware.cs" />
        <File uid="24" fullPath="C:\Users\ragul.n_disprz\Form_Builder\Backend\FormBuilder.API\Common\Helpers\DateTimeHelper.cs" />
        <File uid="25" fullPath="C:\Users\ragul.n_disprz\Form_Builder\Backend\FormBuilder.API\Common\Helpers\ValidationHelper.cs" />
        <File uid="26" fullPath="C:\Users\ragul.n_disprz\Form_Builder\Backend\FormBuilder.API\Business\Implementations\AuthManager.cs" />
        <File uid="27" fullPath="C:\Users\ragul.n_disprz\Form_Builder\Backend\FormBuilder.API\Business\Implementations\FormManager.cs" />
        <File uid="28" fullPath="C:\Users\ragul.n_disprz\Form_Builder\Backend\FormBuilder.API\Business\Implementations\ResponseManager.cs" />
      </Files>
      <Classes>
        <Class>
          <Summary numSequencePoints="25" visitedSequencePoints="24" numBranchPoints="10" visitedBranchPoints="5" sequenceCoverage="96" branchCoverage="50" maxCyclomaticComplexity="6" minCyclomaticComplexity="4" visitedClasses="1" numClasses="1" visitedMethods="2" numMethods="2" />
          <FullName>FormBuilder.API.Services.JwtService</FullName>
          <Methods>
            <Method cyclomaticComplexity="6" nPathComplexity="6" sequenceCoverage="100" branchCoverage="50" isConstructor="False" isGetter="False" isSetter="False" isStatic="True">
              <Summary numSequencePoints="18" visitedSequencePoints="18" numBranchPoints="6" visitedBranchPoints="3" sequenceCoverage="100" branchCoverage="50" maxCyclomaticComplexity="6" minCyclomaticComplexity="6" visitedClasses="0" numClasses="0" visitedMethods="1" numMethods="1" />
              <MetadataToken />
              <Name>System.String FormBuilder.API.Services.JwtService::GenerateToken(FormBuilder.API.Models.User)</Name>
              <FileRef uid="1" />
              <SequencePoints>
                <SequencePoint vc="11" uspid="25" ordinal="0" sl="25" sc="1" el="25" ec="2" bec="0" bev="0" fileid="1" />
                <SequencePoint vc="11" uspid="26" ordinal="1" sl="26" sc="1" el="26" ec="2" bec="0" bev="0" fileid="1" />
                <SequencePoint vc="11" uspid="27" ordinal="2" sl="27" sc="1" el="27" ec="2" bec="0" bev="0" fileid="1" />
                <SequencePoint vc="11" uspid="29" ordinal="3" sl="29" sc="1" el="29" ec="2" bec="6" bev="3" fileid="1" />
                <SequencePoint vc="11" uspid="30" ordinal="4" sl="30" sc="1" el="30" ec="2" bec="0" bev="0" fileid="1" />
                <SequencePoint vc="11" uspid="31" ordinal="5" sl="31" sc="1" el="31" ec="2" bec="0" bev="0" fileid="1" />
                <SequencePoint vc="11" uspid="32" ordinal="6" sl="32" sc="1" el="32" ec="2" bec="0" bev="0" fileid="1" />
                <SequencePoint vc="11" uspid="33" ordinal="7" sl="33" sc="1" el="33" ec="2" bec="0" bev="0" fileid="1" />
                <SequencePoint vc="11" uspid="34" ordinal="8" sl="34" sc="1" el="34" ec="2" bec="0" bev="0" fileid="1" />
                <SequencePoint vc="11" uspid="35" ordinal="9" sl="35" sc="1" el="35" ec="2" bec="0" bev="0" fileid="1" />
                <SequencePoint vc="11" uspid="36" ordinal="10" sl="36" sc="1" el="36" ec="2" bec="0" bev="0" fileid="1" />
                <SequencePoint vc="11" uspid="37" ordinal="11" sl="37" sc="1" el="37" ec="2" bec="0" bev="0" fileid="1" />
                <SequencePoint vc="11" uspid="38" ordinal="12" sl="38" sc="1" el="38" ec="2" bec="0" bev="0" fileid="1" />
                <SequencePoint vc="11" uspid="39" ordinal="13" sl="39" sc="1" el="39" ec="2" bec="0" bev="0" fileid="1" />
                <SequencePoint vc="11" uspid="40" ordinal="14" sl="40" sc="1" el="40" ec="2" bec="0" bev="0" fileid="1" />
                <SequencePoint vc="11" uspid="42" ordinal="15" sl="42" sc="1" el="42" ec="2" bec="0" bev="0" fileid="1" />
                <SequencePoint vc="11" uspid="43" ordinal="16" sl="43" sc="1" el="43" ec="2" bec="0" bev="0" fileid="1" />
                <SequencePoint vc="11" uspid="44" ordinal="17" sl="44" sc="1" el="44" ec="2" bec="0" bev="0" fileid="1" />
              </SequencePoints>
              <BranchPoints>
                <BranchPoint vc="0" uspid="29" ordinal="0" path="0" offset="81" offsetend="83" sl="29" fileid="1" />
                <BranchPoint vc="11" uspid="29" ordinal="1" path="1" offset="81" offsetend="89" sl="29" fileid="1" />
                <BranchPoint vc="0" uspid="29" ordinal="2" path="0" offset="109" offsetend="111" sl="29" fileid="1" />
                <BranchPoint vc="11" uspid="29" ordinal="3" path="1" offset="109" offsetend="117" sl="29" fileid="1" />
                <BranchPoint vc="0" uspid="29" ordinal="4" path="0" offset="137" offsetend="139" sl="29" fileid="1" />
                <BranchPoint vc="11" uspid="29" ordinal="5" path="1" offset="137" offsetend="145" sl="29" fileid="1" />
              </BranchPoints>
              <MethodPoint vc="18" uspid="0" p8:type="SequencePoint" ordinal="0" offset="0" sc="0" sl="25" ec="1" el="44" bec="0" bev="0" fileid="1" xmlns:p8="xsi" />
            </Method>
            <Method cyclomaticComplexity="4" nPathComplexity="4" sequenceCoverage="85.71" branchCoverage="50" isConstructor="True" isGetter="False" isSetter="False" isStatic="True">
              <Summary numSequencePoints="7" visitedSequencePoints="6" numBranchPoints="4" visitedBranchPoints="2" sequenceCoverage="85.71" branchCoverage="50" maxCyclomaticComplexity="4" minCyclomaticComplexity="4" visitedClasses="0" numClasses="0" visitedMethods="1" numMethods="1" />
              <MetadataToken />
              <Name>System.Void FormBuilder.API.Services.JwtService::.ctor(System.String,System.Int32)</Name>
              <FileRef uid="1" />
              <SequencePoints>
                <SequencePoint vc="17" uspid="15" ordinal="0" sl="15" sc="1" el="15" ec="2" bec="0" bev="0" fileid="1" />
                <SequencePoint vc="17" uspid="16" ordinal="1" sl="16" sc="1" el="16" ec="2" bec="0" bev="0" fileid="1" />
                <SequencePoint vc="17" uspid="17" ordinal="2" sl="17" sc="1" el="17" ec="2" bec="4" bev="2" fileid="1" />
                <SequencePoint vc="0" uspid="18" ordinal="3" sl="18" sc="1" el="18" ec="2" bec="0" bev="0" fileid="1" />
                <SequencePoint vc="17" uspid="20" ordinal="4" sl="20" sc="1" el="20" ec="2" bec="0" bev="0" fileid="1" />
                <SequencePoint vc="17" uspid="21" ordinal="5" sl="21" sc="1" el="21" ec="2" bec="0" bev="0" fileid="1" />
                <SequencePoint vc="17" uspid="22" ordinal="6" sl="22" sc="1" el="22" ec="2" bec="0" bev="0" fileid="1" />
              </SequencePoints>
              <BranchPoints>
                <BranchPoint vc="17" uspid="17" ordinal="0" path="0" offset="14" offsetend="16" sl="17" fileid="1" />
                <BranchPoint vc="0" uspid="17" ordinal="1" path="1" offset="14" offsetend="35" sl="17" fileid="1" />
                <BranchPoint vc="0" uspid="17" ordinal="2" path="0" offset="38" offsetend="40" sl="17" fileid="1" />
                <BranchPoint vc="17" uspid="17" ordinal="3" path="1" offset="38" offsetend="56" sl="17" fileid="1" />
              </BranchPoints>
              <MethodPoint vc="6" uspid="0" p8:type="SequencePoint" ordinal="1" offset="1" sc="0" sl="15" ec="1" el="22" bec="0" bev="0" fileid="1" xmlns:p8="xsi" />
            </Method>
          </Methods>
        </Class>
        <Class>
          <Summary numSequencePoints="26" visitedSequencePoints="26" numBranchPoints="2" visitedBranchPoints="1" sequenceCoverage="100" branchCoverage="50" maxCyclomaticComplexity="2" minCyclomaticComplexity="1" visitedClasses="1" numClasses="1" visitedMethods="2" numMethods="2" />
          <FullName>FormBuilder.API.Services.PasswordHasher</FullName>
          <Methods>
            <Method cyclomaticComplexity="1" nPathComplexity="1" sequenceCoverage="100" branchCoverage="100" isConstructor="False" isGetter="False" isSetter="False" isStatic="True">
              <Summary numSequencePoints="14" visitedSequencePoints="14" numBranchPoints="0" visitedBranchPoints="0" sequenceCoverage="100" branchCoverage="100" maxCyclomaticComplexity="1" minCyclomaticComplexity="1" visitedClasses="0" numClasses="0" visitedMethods="1" numMethods="1" />
              <MetadataToken />
              <Name>System.String FormBuilder.API.Services.PasswordHasher::HashPassword(System.String)</Name>
              <FileRef uid="2" />
              <SequencePoints>
                <SequencePoint vc="12" uspid="10" ordinal="0" sl="10" sc="1" el="10" ec="2" bec="0" bev="0" fileid="2" />
                <SequencePoint vc="12" uspid="11" ordinal="1" sl="11" sc="1" el="11" ec="2" bec="0" bev="0" fileid="2" />
                <SequencePoint vc="12" uspid="12" ordinal="2" sl="12" sc="1" el="12" ec="2" bec="0" bev="0" fileid="2" />
                <SequencePoint vc="12" uspid="13" ordinal="3" sl="13" sc="1" el="13" ec="2" bec="0" bev="0" fileid="2" />
                <SequencePoint vc="12" uspid="14" ordinal="4" sl="14" sc="1" el="14" ec="2" bec="0" bev="0" fileid="2" />
                <SequencePoint vc="12" uspid="15" ordinal="5" sl="15" sc="1" el="15" ec="2" bec="0" bev="0" fileid="2" />
                <SequencePoint vc="12" uspid="17" ordinal="6" sl="17" sc="1" el="17" ec="2" bec="0" bev="0" fileid="2" />
                <SequencePoint vc="12" uspid="18" ordinal="7" sl="18" sc="1" el="18" ec="2" bec="0" bev="0" fileid="2" />
                <SequencePoint vc="12" uspid="19" ordinal="8" sl="19" sc="1" el="19" ec="2" bec="0" bev="0" fileid="2" />
                <SequencePoint vc="12" uspid="20" ordinal="9" sl="20" sc="1" el="20" ec="2" bec="0" bev="0" fileid="2" />
                <SequencePoint vc="12" uspid="21" ordinal="10" sl="21" sc="1" el="21" ec="2" bec="0" bev="0" fileid="2" />
                <SequencePoint vc="12" uspid="22" ordinal="11" sl="22" sc="1" el="22" ec="2" bec="0" bev="0" fileid="2" />
                <SequencePoint vc="12" uspid="24" ordinal="12" sl="24" sc="1" el="24" ec="2" bec="0" bev="0" fileid="2" />
                <SequencePoint vc="12" uspid="25" ordinal="13" sl="25" sc="1" el="25" ec="2" bec="0" bev="0" fileid="2" />
              </SequencePoints>
              <BranchPoints />
              <MethodPoint vc="14" uspid="0" p8:type="SequencePoint" ordinal="0" offset="0" sc="0" sl="10" ec="1" el="25" bec="0" bev="0" fileid="2" xmlns:p8="xsi" />
            </Method>
            <Method cyclomaticComplexity="2" nPathComplexity="2" sequenceCoverage="100" branchCoverage="50" isConstructor="False" isGetter="False" isSetter="False" isStatic="True">
              <Summary numSequencePoints="12" visitedSequencePoints="12" numBranchPoints="2" visitedBranchPoints="1" sequenceCoverage="100" branchCoverage="50" maxCyclomaticComplexity="2" minCyclomaticComplexity="2" visitedClasses="0" numClasses="0" visitedMethods="1" numMethods="1" />
              <MetadataToken />
              <Name>System.Boolean FormBuilder.API.Services.PasswordHasher::VerifyPassword(System.String,System.String)</Name>
              <FileRef uid="2" />
              <SequencePoints>
                <SequencePoint vc="4" uspid="28" ordinal="0" sl="28" sc="1" el="28" ec="2" bec="0" bev="0" fileid="2" />
                <SequencePoint vc="4" uspid="29" ordinal="1" sl="29" sc="1" el="29" ec="2" bec="0" bev="0" fileid="2" />
                <SequencePoint vc="4" uspid="30" ordinal="2" sl="30" sc="1" el="30" ec="2" bec="2" bev="1" fileid="2" />
                <SequencePoint vc="4" uspid="32" ordinal="3" sl="32" sc="1" el="32" ec="2" bec="0" bev="0" fileid="2" />
                <SequencePoint vc="4" uspid="33" ordinal="4" sl="33" sc="1" el="33" ec="2" bec="0" bev="0" fileid="2" />
                <SequencePoint vc="4" uspid="34" ordinal="5" sl="34" sc="1" el="34" ec="2" bec="0" bev="0" fileid="2" />
                <SequencePoint vc="4" uspid="35" ordinal="6" sl="35" sc="1" el="35" ec="2" bec="0" bev="0" fileid="2" />
                <SequencePoint vc="4" uspid="36" ordinal="7" sl="36" sc="1" el="36" ec="2" bec="0" bev="0" fileid="2" />
                <SequencePoint vc="4" uspid="37" ordinal="8" sl="37" sc="1" el="37" ec="2" bec="0" bev="0" fileid="2" />
                <SequencePoint vc="4" uspid="38" ordinal="9" sl="38" sc="1" el="38" ec="2" bec="0" bev="0" fileid="2" />
                <SequencePoint vc="4" uspid="40" ordinal="10" sl="40" sc="1" el="40" ec="2" bec="0" bev="0" fileid="2" />
                <SequencePoint vc="4" uspid="41" ordinal="11" sl="41" sc="1" el="41" ec="2" bec="0" bev="0" fileid="2" />
              </SequencePoints>
              <BranchPoints>
                <BranchPoint vc="0" uspid="30" ordinal="0" path="0" offset="22" offsetend="24" sl="30" fileid="2" />
                <BranchPoint vc="4" uspid="30" ordinal="1" path="1" offset="22" offsetend="29" sl="30" fileid="2" />
              </BranchPoints>
              <MethodPoint vc="12" uspid="0" p8:type="SequencePoint" ordinal="1" offset="1" sc="0" sl="28" ec="1" el="41" bec="0" bev="0" fileid="2" xmlns:p8="xsi" />
            </Method>
          </Methods>
        </Class>
        <Class>
          <Summary numSequencePoints="5" visitedSequencePoints="5" numBranchPoints="0" visitedBranchPoints="0" sequenceCoverage="100" branchCoverage="100" maxCyclomaticComplexity="1" minCyclomaticComplexity="1" visitedClasses="1" numClasses="1" visitedMethods="1" numMethods="1" />
          <FullName>FormBuilder.API.Models.FileAttachment</FullName>
          <Methods>
            <Method cyclomaticComplexity="1" nPathComplexity="1" sequenceCoverage="100" branchCoverage="100" isConstructor="True" isGetter="False" isSetter="False" isStatic="True">
              <Summary numSequencePoints="5" visitedSequencePoints="5" numBranchPoints="0" visitedBranchPoints="0" sequenceCoverage="100" branchCoverage="100" maxCyclomaticComplexity="1" minCyclomaticComplexity="1" visitedClasses="0" numClasses="0" visitedMethods="1" numMethods="1" />
              <MetadataToken />
              <Name>System.Void FormBuilder.API.Models.FileAttachment::.ctor()</Name>
              <FileRef uid="3" />
              <SequencePoints>
                <SequencePoint vc="22" uspid="14" ordinal="0" sl="14" sc="1" el="14" ec="2" bec="0" bev="0" fileid="3" />
                <SequencePoint vc="22" uspid="18" ordinal="1" sl="18" sc="1" el="18" ec="2" bec="0" bev="0" fileid="3" />
                <SequencePoint vc="22" uspid="22" ordinal="2" sl="22" sc="1" el="22" ec="2" bec="0" bev="0" fileid="3" />
                <SequencePoint vc="22" uspid="28" ordinal="3" sl="28" sc="1" el="28" ec="2" bec="0" bev="0" fileid="3" />
                <SequencePoint vc="22" uspid="30" ordinal="4" sl="30" sc="1" el="30" ec="2" bec="0" bev="0" fileid="3" />
              </SequencePoints>
              <BranchPoints />
              <MethodPoint vc="5" uspid="0" p8:type="SequencePoint" ordinal="0" offset="0" sc="0" sl="14" ec="1" el="30" bec="0" bev="0" fileid="3" xmlns:p8="xsi" />
            </Method>
          </Methods>
        </Class>
        <Class>
          <Summary numSequencePoints="5" visitedSequencePoints="5" numBranchPoints="0" visitedBranchPoints="0" sequenceCoverage="100" branchCoverage="100" maxCyclomaticComplexity="1" minCyclomaticComplexity="1" visitedClasses="1" numClasses="1" visitedMethods="1" numMethods="1" />
          <FullName>FormBuilder.API.Models.Form</FullName>
          <Methods>
            <Method cyclomaticComplexity="1" nPathComplexity="1" sequenceCoverage="100" branchCoverage="100" isConstructor="True" isGetter="False" isSetter="False" isStatic="True">
              <Summary numSequencePoints="5" visitedSequencePoints="5" numBranchPoints="0" visitedBranchPoints="0" sequenceCoverage="100" branchCoverage="100" maxCyclomaticComplexity="1" minCyclomaticComplexity="1" visitedClasses="0" numClasses="0" visitedMethods="1" numMethods="1" />
              <MetadataToken />
              <Name>System.Void FormBuilder.API.Models.Form::.ctor()</Name>
              <FileRef uid="4" />
              <SequencePoints>
                <SequencePoint vc="257" uspid="12" ordinal="0" sl="12" sc="1" el="12" ec="2" bec="0" bev="0" fileid="4" />
                <SequencePoint vc="257" uspid="15" ordinal="1" sl="15" sc="1" el="15" ec="2" bec="0" bev="0" fileid="4" />
                <SequencePoint vc="257" uspid="18" ordinal="2" sl="18" sc="1" el="18" ec="2" bec="0" bev="0" fileid="4" />
                <SequencePoint vc="257" uspid="22" ordinal="3" sl="22" sc="1" el="22" ec="2" bec="0" bev="0" fileid="4" />
                <SequencePoint vc="257" uspid="43" ordinal="4" sl="43" sc="1" el="43" ec="2" bec="0" bev="0" fileid="4" />
              </SequencePoints>
              <BranchPoints />
              <MethodPoint vc="5" uspid="0" p8:type="SequencePoint" ordinal="0" offset="0" sc="0" sl="12" ec="1" el="43" bec="0" bev="0" fileid="4" xmlns:p8="xsi" />
            </Method>
          </Methods>
        </Class>
        <Class>
          <Summary numSequencePoints="1" visitedSequencePoints="1" numBranchPoints="0" visitedBranchPoints="0" sequenceCoverage="100" branchCoverage="100" maxCyclomaticComplexity="1" minCyclomaticComplexity="1" visitedClasses="1" numClasses="1" visitedMethods="1" numMethods="1" />
          <FullName>FormBuilder.API.Models.MongoBaseEntity</FullName>
          <Methods>
            <Method cyclomaticComplexity="1" nPathComplexity="1" sequenceCoverage="100" branchCoverage="100" isConstructor="True" isGetter="False" isSetter="False" isStatic="True">
              <Summary numSequencePoints="1" visitedSequencePoints="1" numBranchPoints="0" visitedBranchPoints="0" sequenceCoverage="100" branchCoverage="100" maxCyclomaticComplexity="1" minCyclomaticComplexity="1" visitedClasses="0" numClasses="0" visitedMethods="1" numMethods="1" />
              <MetadataToken />
              <Name>System.Void FormBuilder.API.Models.MongoBaseEntity::.ctor()</Name>
              <FileRef uid="5" />
              <SequencePoints>
                <SequencePoint vc="257" uspid="10" ordinal="0" sl="10" sc="1" el="10" ec="2" bec="0" bev="0" fileid="5" />
              </SequencePoints>
              <BranchPoints />
              <MethodPoint vc="1" uspid="0" p8:type="SequencePoint" ordinal="0" offset="0" sc="0" sl="10" ec="1" el="10" bec="0" bev="0" fileid="5" xmlns:p8="xsi" />
            </Method>
          </Methods>
        </Class>
        <Class>
          <Summary numSequencePoints="10" visitedSequencePoints="10" numBranchPoints="2" visitedBranchPoints="2" sequenceCoverage="100" branchCoverage="100" maxCyclomaticComplexity="2" minCyclomaticComplexity="1" visitedClasses="1" numClasses="1" visitedMethods="3" numMethods="3" />
          <FullName>FormBuilder.API.Models.Question</FullName>
          <Methods>
            <Method cyclomaticComplexity="2" nPathComplexity="2" sequenceCoverage="100" branchCoverage="100" isConstructor="False" isGetter="True" isSetter="False" isStatic="True">
              <Summary numSequencePoints="1" visitedSequencePoints="1" numBranchPoints="2" visitedBranchPoints="2" sequenceCoverage="100" branchCoverage="100" maxCyclomaticComplexity="2" minCyclomaticComplexity="2" visitedClasses="0" numClasses="0" visitedMethods="1" numMethods="1" />
              <MetadataToken />
              <Name>System.String FormBuilder.API.Models.Question::get_QuestionId()</Name>
              <FileRef uid="6" />
              <SequencePoints>
                <SequencePoint vc="32" uspid="18" ordinal="0" sl="18" sc="1" el="18" ec="2" bec="2" bev="2" fileid="6" />
              </SequencePoints>
              <BranchPoints>
                <BranchPoint vc="31" uspid="18" ordinal="0" path="0" offset="11" offsetend="13" sl="18" fileid="6" />
                <BranchPoint vc="1" uspid="18" ordinal="1" path="1" offset="11" offsetend="21" sl="18" fileid="6" />
              </BranchPoints>
              <MethodPoint vc="1" uspid="0" p8:type="SequencePoint" ordinal="0" offset="0" sc="0" sl="18" ec="1" el="18" bec="0" bev="0" fileid="6" xmlns:p8="xsi" />
            </Method>
            <Method cyclomaticComplexity="1" nPathComplexity="1" sequenceCoverage="100" branchCoverage="100" isConstructor="False" isGetter="False" isSetter="True" isStatic="True">
              <Summary numSequencePoints="1" visitedSequencePoints="1" numBranchPoints="0" visitedBranchPoints="0" sequenceCoverage="100" branchCoverage="100" maxCyclomaticComplexity="1" minCyclomaticComplexity="1" visitedClasses="0" numClasses="0" visitedMethods="1" numMethods="1" />
              <MetadataToken />
              <Name>System.Void FormBuilder.API.Models.Question::set_QuestionId(System.String)</Name>
              <FileRef uid="6" />
              <SequencePoints>
                <SequencePoint vc="26" uspid="19" ordinal="0" sl="19" sc="1" el="19" ec="2" bec="0" bev="0" fileid="6" />
              </SequencePoints>
              <BranchPoints />
              <MethodPoint vc="1" uspid="0" p8:type="SequencePoint" ordinal="1" offset="1" sc="0" sl="19" ec="1" el="19" bec="0" bev="0" fileid="6" xmlns:p8="xsi" />
            </Method>
            <Method cyclomaticComplexity="1" nPathComplexity="1" sequenceCoverage="100" branchCoverage="100" isConstructor="True" isGetter="False" isSetter="False" isStatic="True">
              <Summary numSequencePoints="8" visitedSequencePoints="8" numBranchPoints="0" visitedBranchPoints="0" sequenceCoverage="100" branchCoverage="100" maxCyclomaticComplexity="1" minCyclomaticComplexity="1" visitedClasses="0" numClasses="0" visitedMethods="1" numMethods="1" />
              <MetadataToken />
              <Name>System.Void FormBuilder.API.Models.Question::.ctor()</Name>
              <FileRef uid="6" />
              <SequencePoints>
                <SequencePoint vc="29" uspid="23" ordinal="0" sl="23" sc="1" el="23" ec="2" bec="0" bev="0" fileid="6" />
                <SequencePoint vc="29" uspid="26" ordinal="1" sl="26" sc="1" el="26" ec="2" bec="0" bev="0" fileid="6" />
                <SequencePoint vc="29" uspid="29" ordinal="2" sl="29" sc="1" el="29" ec="2" bec="0" bev="0" fileid="6" />
                <SequencePoint vc="29" uspid="32" ordinal="3" sl="32" sc="1" el="32" ec="2" bec="0" bev="0" fileid="6" />
                <SequencePoint vc="29" uspid="35" ordinal="4" sl="35" sc="1" el="35" ec="2" bec="0" bev="0" fileid="6" />
                <SequencePoint vc="29" uspid="38" ordinal="5" sl="38" sc="1" el="38" ec="2" bec="0" bev="0" fileid="6" />
                <SequencePoint vc="29" uspid="47" ordinal="6" sl="47" sc="1" el="47" ec="2" bec="0" bev="0" fileid="6" />
                <SequencePoint vc="29" uspid="56" ordinal="7" sl="56" sc="1" el="56" ec="2" bec="0" bev="0" fileid="6" />
              </SequencePoints>
              <BranchPoints />
              <MethodPoint vc="8" uspid="0" p8:type="SequencePoint" ordinal="2" offset="2" sc="0" sl="23" ec="1" el="56" bec="0" bev="0" fileid="6" xmlns:p8="xsi" />
            </Method>
          </Methods>
        </Class>
        <Class>
          <Summary numSequencePoints="3" visitedSequencePoints="3" numBranchPoints="2" visitedBranchPoints="2" sequenceCoverage="100" branchCoverage="100" maxCyclomaticComplexity="2" minCyclomaticComplexity="1" visitedClasses="1" numClasses="1" visitedMethods="3" numMethods="3" />
          <FullName>FormBuilder.API.Models.Option</FullName>
          <Methods>
            <Method cyclomaticComplexity="2" nPathComplexity="2" sequenceCoverage="100" branchCoverage="100" isConstructor="False" isGetter="True" isSetter="False" isStatic="True">
              <Summary numSequencePoints="1" visitedSequencePoints="1" numBranchPoints="2" visitedBranchPoints="2" sequenceCoverage="100" branchCoverage="100" maxCyclomaticComplexity="2" minCyclomaticComplexity="2" visitedClasses="0" numClasses="0" visitedMethods="1" numMethods="1" />
              <MetadataToken />
              <Name>System.String FormBuilder.API.Models.Option::get_OptionId()</Name>
              <FileRef uid="6" />
              <SequencePoints>
                <SequencePoint vc="10" uspid="68" ordinal="0" sl="68" sc="1" el="68" ec="2" bec="2" bev="2" fileid="6" />
              </SequencePoints>
              <BranchPoints>
                <BranchPoint vc="8" uspid="68" ordinal="0" path="0" offset="11" offsetend="13" sl="68" fileid="6" />
                <BranchPoint vc="2" uspid="68" ordinal="1" path="1" offset="11" offsetend="21" sl="68" fileid="6" />
              </BranchPoints>
              <MethodPoint vc="1" uspid="0" p8:type="SequencePoint" ordinal="0" offset="0" sc="0" sl="68" ec="1" el="68" bec="0" bev="0" fileid="6" xmlns:p8="xsi" />
            </Method>
            <Method cyclomaticComplexity="1" nPathComplexity="1" sequenceCoverage="100" branchCoverage="100" isConstructor="False" isGetter="False" isSetter="True" isStatic="True">
              <Summary numSequencePoints="1" visitedSequencePoints="1" numBranchPoints="0" visitedBranchPoints="0" sequenceCoverage="100" branchCoverage="100" maxCyclomaticComplexity="1" minCyclomaticComplexity="1" visitedClasses="0" numClasses="0" visitedMethods="1" numMethods="1" />
              <MetadataToken />
              <Name>System.Void FormBuilder.API.Models.Option::set_OptionId(System.String)</Name>
              <FileRef uid="6" />
              <SequencePoints>
                <SequencePoint vc="13" uspid="69" ordinal="0" sl="69" sc="1" el="69" ec="2" bec="0" bev="0" fileid="6" />
              </SequencePoints>
              <BranchPoints />
              <MethodPoint vc="1" uspid="0" p8:type="SequencePoint" ordinal="1" offset="1" sc="0" sl="69" ec="1" el="69" bec="0" bev="0" fileid="6" xmlns:p8="xsi" />
            </Method>
            <Method cyclomaticComplexity="1" nPathComplexity="1" sequenceCoverage="100" branchCoverage="100" isConstructor="True" isGetter="False" isSetter="False" isStatic="True">
              <Summary numSequencePoints="1" visitedSequencePoints="1" numBranchPoints="0" visitedBranchPoints="0" sequenceCoverage="100" branchCoverage="100" maxCyclomaticComplexity="1" minCyclomaticComplexity="1" visitedClasses="0" numClasses="0" visitedMethods="1" numMethods="1" />
              <MetadataToken />
              <Name>System.Void FormBuilder.API.Models.Option::.ctor()</Name>
              <FileRef uid="6" />
              <SequencePoints>
                <SequencePoint vc="13" uspid="73" ordinal="0" sl="73" sc="1" el="73" ec="2" bec="0" bev="0" fileid="6" />
              </SequencePoints>
              <BranchPoints />
              <MethodPoint vc="1" uspid="0" p8:type="SequencePoint" ordinal="2" offset="2" sc="0" sl="73" ec="1" el="73" bec="0" bev="0" fileid="6" xmlns:p8="xsi" />
            </Method>
          </Methods>
        </Class>
        <Class>
          <Summary numSequencePoints="2" visitedSequencePoints="2" numBranchPoints="0" visitedBranchPoints="0" sequenceCoverage="100" branchCoverage="100" maxCyclomaticComplexity="1" minCyclomaticComplexity="1" visitedClasses="1" numClasses="1" visitedMethods="1" numMethods="1" />
          <FullName>FormBuilder.API.Models.Response</FullName>
          <Methods>
            <Method cyclomaticComplexity="1" nPathComplexity="1" sequenceCoverage="100" branchCoverage="100" isConstructor="True" isGetter="False" isSetter="False" isStatic="True">
              <Summary numSequencePoints="2" visitedSequencePoints="2" numBranchPoints="0" visitedBranchPoints="0" sequenceCoverage="100" branchCoverage="100" maxCyclomaticComplexity="1" minCyclomaticComplexity="1" visitedClasses="0" numClasses="0" visitedMethods="1" numMethods="1" />
              <MetadataToken />
              <Name>System.Void FormBuilder.API.Models.Response::.ctor()</Name>
              <FileRef uid="7" />
              <SequencePoints>
                <SequencePoint vc="54" uspid="12" ordinal="0" sl="12" sc="1" el="12" ec="2" bec="0" bev="0" fileid="7" />
                <SequencePoint vc="54" uspid="19" ordinal="1" sl="19" sc="1" el="19" ec="2" bec="0" bev="0" fileid="7" />
              </SequencePoints>
              <BranchPoints />
              <MethodPoint vc="2" uspid="0" p8:type="SequencePoint" ordinal="0" offset="0" sc="0" sl="12" ec="1" el="19" bec="0" bev="0" fileid="7" xmlns:p8="xsi" />
            </Method>
          </Methods>
        </Class>
        <Class>
          <Summary numSequencePoints="2" visitedSequencePoints="2" numBranchPoints="0" visitedBranchPoints="0" sequenceCoverage="100" branchCoverage="100" maxCyclomaticComplexity="1" minCyclomaticComplexity="1" visitedClasses="1" numClasses="1" visitedMethods="1" numMethods="1" />
          <FullName>FormBuilder.API.Models.ResponseDetail</FullName>
          <Methods>
            <Method cyclomaticComplexity="1" nPathComplexity="1" sequenceCoverage="100" branchCoverage="100" isConstructor="True" isGetter="False" isSetter="False" isStatic="True">
              <Summary numSequencePoints="2" visitedSequencePoints="2" numBranchPoints="0" visitedBranchPoints="0" sequenceCoverage="100" branchCoverage="100" maxCyclomaticComplexity="1" minCyclomaticComplexity="1" visitedClasses="0" numClasses="0" visitedMethods="1" numMethods="1" />
              <MetadataToken />
              <Name>System.Void FormBuilder.API.Models.ResponseDetail::.ctor()</Name>
              <FileRef uid="8" />
              <SequencePoints>
                <SequencePoint vc="15" uspid="13" ordinal="0" sl="13" sc="1" el="13" ec="2" bec="0" bev="0" fileid="8" />
                <SequencePoint vc="15" uspid="14" ordinal="1" sl="14" sc="1" el="14" ec="2" bec="0" bev="0" fileid="8" />
              </SequencePoints>
              <BranchPoints />
              <MethodPoint vc="2" uspid="0" p8:type="SequencePoint" ordinal="0" offset="0" sc="0" sl="13" ec="1" el="14" bec="0" bev="0" fileid="8" xmlns:p8="xsi" />
            </Method>
          </Methods>
        </Class>
        <Class>
          <Summary numSequencePoints="2" visitedSequencePoints="2" numBranchPoints="0" visitedBranchPoints="0" sequenceCoverage="100" branchCoverage="100" maxCyclomaticComplexity="1" minCyclomaticComplexity="1" visitedClasses="1" numClasses="1" visitedMethods="1" numMethods="1" />
          <FullName>FormBuilder.API.DTOs.Form.FormConfigRequestDto</FullName>
          <Methods>
            <Method cyclomaticComplexity="1" nPathComplexity="1" sequenceCoverage="100" branchCoverage="100" isConstructor="True" isGetter="False" isSetter="False" isStatic="True">
              <Summary numSequencePoints="2" visitedSequencePoints="2" numBranchPoints="0" visitedBranchPoints="0" sequenceCoverage="100" branchCoverage="100" maxCyclomaticComplexity="1" minCyclomaticComplexity="1" visitedClasses="0" numClasses="0" visitedMethods="1" numMethods="1" />
              <MetadataToken />
              <Name>System.Void FormBuilder.API.DTOs.Form.FormConfigRequestDto::.ctor()</Name>
              <FileRef uid="9" />
              <SequencePoints>
                <SequencePoint vc="6" uspid="8" ordinal="0" sl="8" sc="1" el="8" ec="2" bec="0" bev="0" fileid="9" />
                <SequencePoint vc="6" uspid="9" ordinal="1" sl="9" sc="1" el="9" ec="2" bec="0" bev="0" fileid="9" />
              </SequencePoints>
              <BranchPoints />
              <MethodPoint vc="2" uspid="0" p8:type="SequencePoint" ordinal="0" offset="0" sc="0" sl="8" ec="1" el="9" bec="0" bev="0" fileid="9" xmlns:p8="xsi" />
            </Method>
          </Methods>
        </Class>
        <Class>
          <Summary numSequencePoints="3" visitedSequencePoints="3" numBranchPoints="0" visitedBranchPoints="0" sequenceCoverage="100" branchCoverage="100" maxCyclomaticComplexity="1" minCyclomaticComplexity="1" visitedClasses="1" numClasses="1" visitedMethods="1" numMethods="1" />
          <FullName>FormBuilder.API.DTOs.Form.FormConfigResponseDto</FullName>
          <Methods>
            <Method cyclomaticComplexity="1" nPathComplexity="1" sequenceCoverage="100" branchCoverage="100" isConstructor="True" isGetter="False" isSetter="False" isStatic="True">
              <Summary numSequencePoints="3" visitedSequencePoints="3" numBranchPoints="0" visitedBranchPoints="0" sequenceCoverage="100" branchCoverage="100" maxCyclomaticComplexity="1" minCyclomaticComplexity="1" visitedClasses="0" numClasses="0" visitedMethods="1" numMethods="1" />
              <MetadataToken />
              <Name>System.Void FormBuilder.API.DTOs.Form.FormConfigResponseDto::.ctor()</Name>
              <FileRef uid="9" />
              <SequencePoints>
                <SequencePoint vc="3" uspid="15" ordinal="0" sl="15" sc="1" el="15" ec="2" bec="0" bev="0" fileid="9" />
                <SequencePoint vc="3" uspid="16" ordinal="1" sl="16" sc="1" el="16" ec="2" bec="0" bev="0" fileid="9" />
                <SequencePoint vc="3" uspid="17" ordinal="2" sl="17" sc="1" el="17" ec="2" bec="0" bev="0" fileid="9" />
              </SequencePoints>
              <BranchPoints />
              <MethodPoint vc="3" uspid="0" p8:type="SequencePoint" ordinal="0" offset="0" sc="0" sl="15" ec="1" el="17" bec="0" bev="0" fileid="9" xmlns:p8="xsi" />
            </Method>
          </Methods>
        </Class>
        <Class>
          <Summary numSequencePoints="1" visitedSequencePoints="1" numBranchPoints="0" visitedBranchPoints="0" sequenceCoverage="100" branchCoverage="100" maxCyclomaticComplexity="1" minCyclomaticComplexity="1" visitedClasses="1" numClasses="1" visitedMethods="1" numMethods="1" />
          <FullName>FormBuilder.API.DTOs.Form.FormLayoutRequestDto</FullName>
          <Methods>
            <Method cyclomaticComplexity="1" nPathComplexity="1" sequenceCoverage="100" branchCoverage="100" isConstructor="True" isGetter="False" isSetter="False" isStatic="True">
              <Summary numSequencePoints="1" visitedSequencePoints="1" numBranchPoints="0" visitedBranchPoints="0" sequenceCoverage="100" branchCoverage="100" maxCyclomaticComplexity="1" minCyclomaticComplexity="1" visitedClasses="0" numClasses="0" visitedMethods="1" numMethods="1" />
              <MetadataToken />
              <Name>System.Void FormBuilder.API.DTOs.Form.FormLayoutRequestDto::.ctor()</Name>
              <FileRef uid="10" />
              <SequencePoints>
                <SequencePoint vc="12" uspid="9" ordinal="0" sl="9" sc="1" el="9" ec="2" bec="0" bev="0" fileid="10" />
              </SequencePoints>
              <BranchPoints />
              <MethodPoint vc="1" uspid="0" p8:type="SequencePoint" ordinal="0" offset="0" sc="0" sl="9" ec="1" el="9" bec="0" bev="0" fileid="10" xmlns:p8="xsi" />
            </Method>
          </Methods>
        </Class>
        <Class>
          <Summary numSequencePoints="4" visitedSequencePoints="4" numBranchPoints="0" visitedBranchPoints="0" sequenceCoverage="100" branchCoverage="100" maxCyclomaticComplexity="1" minCyclomaticComplexity="1" visitedClasses="1" numClasses="1" visitedMethods="1" numMethods="1" />
          <FullName>FormBuilder.API.DTOs.Form.FormLayoutResponseDto</FullName>
          <Methods>
            <Method cyclomaticComplexity="1" nPathComplexity="1" sequenceCoverage="100" branchCoverage="100" isConstructor="True" isGetter="False" isSetter="False" isStatic="True">
              <Summary numSequencePoints="4" visitedSequencePoints="4" numBranchPoints="0" visitedBranchPoints="0" sequenceCoverage="100" branchCoverage="100" maxCyclomaticComplexity="1" minCyclomaticComplexity="1" visitedClasses="0" numClasses="0" visitedMethods="1" numMethods="1" />
              <MetadataToken />
              <Name>System.Void FormBuilder.API.DTOs.Form.FormLayoutResponseDto::.ctor()</Name>
              <FileRef uid="10" />
              <SequencePoints>
                <SequencePoint vc="21" uspid="15" ordinal="0" sl="15" sc="1" el="15" ec="2" bec="0" bev="0" fileid="10" />
                <SequencePoint vc="21" uspid="16" ordinal="1" sl="16" sc="1" el="16" ec="2" bec="0" bev="0" fileid="10" />
                <SequencePoint vc="21" uspid="17" ordinal="2" sl="17" sc="1" el="17" ec="2" bec="0" bev="0" fileid="10" />
                <SequencePoint vc="21" uspid="21" ordinal="3" sl="21" sc="1" el="21" ec="2" bec="0" bev="0" fileid="10" />
              </SequencePoints>
              <BranchPoints />
              <MethodPoint vc="4" uspid="0" p8:type="SequencePoint" ordinal="0" offset="0" sc="0" sl="15" ec="1" el="21" bec="0" bev="0" fileid="10" xmlns:p8="xsi" />
            </Method>
          </Methods>
        </Class>
        <Class>
          <Summary numSequencePoints="3" visitedSequencePoints="3" numBranchPoints="0" visitedBranchPoints="0" sequenceCoverage="100" branchCoverage="100" maxCyclomaticComplexity="1" minCyclomaticComplexity="1" visitedClasses="1" numClasses="1" visitedMethods="1" numMethods="1" />
          <FullName>FormBuilder.API.DTOs.Form.FormSubmissionDto</FullName>
          <Methods>
            <Method cyclomaticComplexity="1" nPathComplexity="1" sequenceCoverage="100" branchCoverage="100" isConstructor="True" isGetter="False" isSetter="False" isStatic="True">
              <Summary numSequencePoints="3" visitedSequencePoints="3" numBranchPoints="0" visitedBranchPoints="0" sequenceCoverage="100" branchCoverage="100" maxCyclomaticComplexity="1" minCyclomaticComplexity="1" visitedClasses="0" numClasses="0" visitedMethods="1" numMethods="1" />
              <MetadataToken />
              <Name>System.Void FormBuilder.API.DTOs.Form.FormSubmissionDto::.ctor()</Name>
              <FileRef uid="11" />
              <SequencePoints>
                <SequencePoint vc="19" uspid="7" ordinal="0" sl="7" sc="1" el="7" ec="2" bec="0" bev="0" fileid="11" />
                <SequencePoint vc="19" uspid="8" ordinal="1" sl="8" sc="1" el="8" ec="2" bec="0" bev="0" fileid="11" />
                <SequencePoint vc="19" uspid="9" ordinal="2" sl="9" sc="1" el="9" ec="2" bec="0" bev="0" fileid="11" />
              </SequencePoints>
              <BranchPoints />
              <MethodPoint vc="3" uspid="0" p8:type="SequencePoint" ordinal="0" offset="0" sc="0" sl="7" ec="1" el="9" bec="0" bev="0" fileid="11" xmlns:p8="xsi" />
            </Method>
          </Methods>
        </Class>
        <Class>
          <Summary numSequencePoints="1" visitedSequencePoints="1" numBranchPoints="0" visitedBranchPoints="0" sequenceCoverage="100" branchCoverage="100" maxCyclomaticComplexity="1" minCyclomaticComplexity="1" visitedClasses="1" numClasses="1" visitedMethods="1" numMethods="1" />
          <FullName>FormBuilder.API.DTOs.Form.AnswerDto</FullName>
          <Methods>
            <Method cyclomaticComplexity="1" nPathComplexity="1" sequenceCoverage="100" branchCoverage="100" isConstructor="True" isGetter="False" isSetter="False" isStatic="True">
              <Summary numSequencePoints="1" visitedSequencePoints="1" numBranchPoints="0" visitedBranchPoints="0" sequenceCoverage="100" branchCoverage="100" maxCyclomaticComplexity="1" minCyclomaticComplexity="1" visitedClasses="0" numClasses="0" visitedMethods="1" numMethods="1" />
              <MetadataToken />
              <Name>System.Void FormBuilder.API.DTOs.Form.AnswerDto::.ctor()</Name>
              <FileRef uid="11" />
              <SequencePoints>
                <SequencePoint vc="5" uspid="14" ordinal="0" sl="14" sc="1" el="14" ec="2" bec="0" bev="0" fileid="11" />
              </SequencePoints>
              <BranchPoints />
              <MethodPoint vc="1" uspid="0" p8:type="SequencePoint" ordinal="0" offset="0" sc="0" sl="14" ec="1" el="14" bec="0" bev="0" fileid="11" xmlns:p8="xsi" />
            </Method>
          </Methods>
        </Class>
        <Class>
          <Summary numSequencePoints="4" visitedSequencePoints="4" numBranchPoints="0" visitedBranchPoints="0" sequenceCoverage="100" branchCoverage="100" maxCyclomaticComplexity="1" minCyclomaticComplexity="1" visitedClasses="1" numClasses="1" visitedMethods="1" numMethods="1" />
          <FullName>FormBuilder.API.DTOs.Form.FileUploadDto</FullName>
          <Methods>
            <Method cyclomaticComplexity="1" nPathComplexity="1" sequenceCoverage="100" branchCoverage="100" isConstructor="True" isGetter="False" isSetter="False" isStatic="True">
              <Summary numSequencePoints="4" visitedSequencePoints="4" numBranchPoints="0" visitedBranchPoints="0" sequenceCoverage="100" branchCoverage="100" maxCyclomaticComplexity="1" minCyclomaticComplexity="1" visitedClasses="0" numClasses="0" visitedMethods="1" numMethods="1" />
              <MetadataToken />
              <Name>System.Void FormBuilder.API.DTOs.Form.FileUploadDto::.ctor()</Name>
              <FileRef uid="11" />
              <SequencePoints>
                <SequencePoint vc="8" uspid="20" ordinal="0" sl="20" sc="1" el="20" ec="2" bec="0" bev="0" fileid="11" />
                <SequencePoint vc="8" uspid="21" ordinal="1" sl="21" sc="1" el="21" ec="2" bec="0" bev="0" fileid="11" />
                <SequencePoint vc="8" uspid="22" ordinal="2" sl="22" sc="1" el="22" ec="2" bec="0" bev="0" fileid="11" />
                <SequencePoint vc="8" uspid="24" ordinal="3" sl="24" sc="1" el="24" ec="2" bec="0" bev="0" fileid="11" />
              </SequencePoints>
              <BranchPoints />
              <MethodPoint vc="4" uspid="0" p8:type="SequencePoint" ordinal="0" offset="0" sc="0" sl="20" ec="1" el="24" bec="0" bev="0" fileid="11" xmlns:p8="xsi" />
            </Method>
          </Methods>
        </Class>
        <Class>
          <Summary numSequencePoints="3" visitedSequencePoints="3" numBranchPoints="0" visitedBranchPoints="0" sequenceCoverage="100" branchCoverage="100" maxCyclomaticComplexity="1" minCyclomaticComplexity="1" visitedClasses="1" numClasses="1" visitedMethods="1" numMethods="1" />
          <FullName>FormBuilder.API.DTOs.Form.QuestionDto</FullName>
          <Methods>
            <Method cyclomaticComplexity="1" nPathComplexity="1" sequenceCoverage="100" branchCoverage="100" isConstructor="True" isGetter="False" isSetter="False" isStatic="True">
              <Summary numSequencePoints="3" visitedSequencePoints="3" numBranchPoints="0" visitedBranchPoints="0" sequenceCoverage="100" branchCoverage="100" maxCyclomaticComplexity="1" minCyclomaticComplexity="1" visitedClasses="0" numClasses="0" visitedMethods="1" numMethods="1" />
              <MetadataToken />
              <Name>System.Void FormBuilder.API.DTOs.Form.QuestionDto::.ctor()</Name>
              <FileRef uid="12" />
              <SequencePoints>
                <SequencePoint vc="24" uspid="8" ordinal="0" sl="8" sc="1" el="8" ec="2" bec="0" bev="0" fileid="12" />
                <SequencePoint vc="24" uspid="9" ordinal="1" sl="9" sc="1" el="9" ec="2" bec="0" bev="0" fileid="12" />
                <SequencePoint vc="24" uspid="14" ordinal="2" sl="14" sc="1" el="14" ec="2" bec="0" bev="0" fileid="12" />
              </SequencePoints>
              <BranchPoints />
              <MethodPoint vc="3" uspid="0" p8:type="SequencePoint" ordinal="0" offset="0" sc="0" sl="8" ec="1" el="14" bec="0" bev="0" fileid="12" xmlns:p8="xsi" />
            </Method>
          </Methods>
        </Class>
        <Class>
          <Summary numSequencePoints="10" visitedSequencePoints="10" numBranchPoints="2" visitedBranchPoints="1" sequenceCoverage="100" branchCoverage="50" maxCyclomaticComplexity="2" minCyclomaticComplexity="1" visitedClasses="1" numClasses="1" visitedMethods="2" numMethods="2" />
          <FullName>FormBuilder.API.DTOs.Common.PaginatedResponse`1</FullName>
          <Methods>
            <Method cyclomaticComplexity="1" nPathComplexity="1" sequenceCoverage="100" branchCoverage="100" isConstructor="True" isGetter="False" isSetter="False" isStatic="True">
              <Summary numSequencePoints="5" visitedSequencePoints="5" numBranchPoints="0" visitedBranchPoints="0" sequenceCoverage="100" branchCoverage="100" maxCyclomaticComplexity="1" minCyclomaticComplexity="1" visitedClasses="0" numClasses="0" visitedMethods="1" numMethods="1" />
              <MetadataToken />
              <Name>System.Void FormBuilder.API.DTOs.Common.PaginatedResponse`1::.ctor()</Name>
              <FileRef uid="13" />
              <SequencePoints>
                <SequencePoint vc="5" uspid="10" ordinal="0" sl="10" sc="1" el="10" ec="2" bec="0" bev="0" fileid="13" />
                <SequencePoint vc="5" uspid="11" ordinal="1" sl="11" sc="1" el="11" ec="2" bec="0" bev="0" fileid="13" />
                <SequencePoint vc="5" uspid="12" ordinal="2" sl="12" sc="1" el="12" ec="2" bec="0" bev="0" fileid="13" />
                <SequencePoint vc="5" uspid="13" ordinal="3" sl="13" sc="1" el="13" ec="2" bec="0" bev="0" fileid="13" />
                <SequencePoint vc="5" uspid="14" ordinal="4" sl="14" sc="1" el="14" ec="2" bec="0" bev="0" fileid="13" />
              </SequencePoints>
              <BranchPoints />
              <MethodPoint vc="5" uspid="0" p8:type="SequencePoint" ordinal="0" offset="0" sc="0" sl="10" ec="1" el="14" bec="0" bev="0" fileid="13" xmlns:p8="xsi" />
            </Method>
            <Method cyclomaticComplexity="2" nPathComplexity="2" sequenceCoverage="100" branchCoverage="50" isConstructor="True" isGetter="False" isSetter="False" isStatic="True">
              <Summary numSequencePoints="5" visitedSequencePoints="5" numBranchPoints="2" visitedBranchPoints="1" sequenceCoverage="100" branchCoverage="50" maxCyclomaticComplexity="2" minCyclomaticComplexity="2" visitedClasses="0" numClasses="0" visitedMethods="1" numMethods="1" />
              <MetadataToken />
              <Name>System.Void FormBuilder.API.DTOs.Common.PaginatedResponse`1::.ctor(System.Collections.Generic.List`1&lt;T&gt;,System.Int32)</Name>
              <FileRef uid="13" />
              <SequencePoints>
                <SequencePoint vc="16" uspid="16" ordinal="0" sl="16" sc="1" el="16" ec="2" bec="0" bev="0" fileid="13" />
                <SequencePoint vc="16" uspid="17" ordinal="1" sl="17" sc="1" el="17" ec="2" bec="0" bev="0" fileid="13" />
                <SequencePoint vc="16" uspid="18" ordinal="2" sl="18" sc="1" el="18" ec="2" bec="2" bev="1" fileid="13" />
                <SequencePoint vc="16" uspid="19" ordinal="3" sl="19" sc="1" el="19" ec="2" bec="0" bev="0" fileid="13" />
                <SequencePoint vc="16" uspid="20" ordinal="4" sl="20" sc="1" el="20" ec="2" bec="0" bev="0" fileid="13" />
              </SequencePoints>
              <BranchPoints>
                <BranchPoint vc="0" uspid="18" ordinal="0" path="0" offset="11" offsetend="13" sl="18" fileid="13" />
                <BranchPoint vc="16" uspid="18" ordinal="1" path="1" offset="11" offsetend="19" sl="18" fileid="13" />
              </BranchPoints>
              <MethodPoint vc="5" uspid="0" p8:type="SequencePoint" ordinal="1" offset="1" sc="0" sl="16" ec="1" el="20" bec="0" bev="0" fileid="13" xmlns:p8="xsi" />
            </Method>
          </Methods>
        </Class>
        <Class>
          <Summary numSequencePoints="36" visitedSequencePoints="36" numBranchPoints="2" visitedBranchPoints="2" sequenceCoverage="100" branchCoverage="100" maxCyclomaticComplexity="2" minCyclomaticComplexity="1" visitedClasses="1" numClasses="1" visitedMethods="9" numMethods="9" />
          <FullName>FormBuilder.API.DataAccess.Implementations.FileAttachmentRepository</FullName>
          <Methods>
            <Method cyclomaticComplexity="1" nPathComplexity="1" sequenceCoverage="100" branchCoverage="100" isConstructor="False" isGetter="False" isSetter="False" isStatic="True">
              <Summary numSequencePoints="3" visitedSequencePoints="3" numBranchPoints="0" visitedBranchPoints="0" sequenceCoverage="100" branchCoverage="100" maxCyclomaticComplexity="1" minCyclomaticComplexity="1" visitedClasses="0" numClasses="0" visitedMethods="1" numMethods="1" />
              <MetadataToken />
              <Name>System.Void FormBuilder.API.DataAccess.Implementations.FileAttachmentRepository::Add(FormBuilder.API.Models.FileAttachment)</Name>
              <FileRef uid="14" />
              <SequencePoints>
                <SequencePoint vc="2" uspid="19" ordinal="0" sl="19" sc="1" el="19" ec="2" bec="0" bev="0" fileid="14" />
                <SequencePoint vc="2" uspid="20" ordinal="1" sl="20" sc="1" el="20" ec="2" bec="0" bev="0" fileid="14" />
                <SequencePoint vc="2" uspid="21" ordinal="2" sl="21" sc="1" el="21" ec="2" bec="0" bev="0" fileid="14" />
              </SequencePoints>
              <BranchPoints />
              <MethodPoint vc="3" uspid="0" p8:type="SequencePoint" ordinal="0" offset="0" sc="0" sl="19" ec="1" el="21" bec="0" bev="0" fileid="14" xmlns:p8="xsi" />
            </Method>
            <Method cyclomaticComplexity="1" nPathComplexity="1" sequenceCoverage="100" branchCoverage="100" isConstructor="False" isGetter="False" isSetter="False" isStatic="True">
              <Summary numSequencePoints="3" visitedSequencePoints="3" numBranchPoints="0" visitedBranchPoints="0" sequenceCoverage="100" branchCoverage="100" maxCyclomaticComplexity="1" minCyclomaticComplexity="1" visitedClasses="0" numClasses="0" visitedMethods="1" numMethods="1" />
              <MetadataToken />
              <Name>System.Void FormBuilder.API.DataAccess.Implementations.FileAttachmentRepository::AddRange(System.Collections.Generic.List`1&lt;FormBuilder.API.Models.FileAttachment&gt;)</Name>
              <FileRef uid="14" />
              <SequencePoints>
                <SequencePoint vc="1" uspid="24" ordinal="0" sl="24" sc="1" el="24" ec="2" bec="0" bev="0" fileid="14" />
                <SequencePoint vc="1" uspid="25" ordinal="1" sl="25" sc="1" el="25" ec="2" bec="0" bev="0" fileid="14" />
                <SequencePoint vc="1" uspid="26" ordinal="2" sl="26" sc="1" el="26" ec="2" bec="0" bev="0" fileid="14" />
              </SequencePoints>
              <BranchPoints />
              <MethodPoint vc="3" uspid="0" p8:type="SequencePoint" ordinal="1" offset="1" sc="0" sl="24" ec="1" el="26" bec="0" bev="0" fileid="14" xmlns:p8="xsi" />
            </Method>
            <Method cyclomaticComplexity="1" nPathComplexity="1" sequenceCoverage="100" branchCoverage="100" isConstructor="False" isGetter="False" isSetter="False" isStatic="True">
              <Summary numSequencePoints="3" visitedSequencePoints="3" numBranchPoints="0" visitedBranchPoints="0" sequenceCoverage="100" branchCoverage="100" maxCyclomaticComplexity="1" minCyclomaticComplexity="1" visitedClasses="0" numClasses="0" visitedMethods="1" numMethods="1" />
              <MetadataToken />
              <Name>FormBuilder.API.Models.FileAttachment FormBuilder.API.DataAccess.Implementations.FileAttachmentRepository::GetById(System.Int32)</Name>
              <FileRef uid="14" />
              <SequencePoints>
                <SequencePoint vc="1" uspid="29" ordinal="0" sl="29" sc="1" el="29" ec="2" bec="0" bev="0" fileid="14" />
                <SequencePoint vc="1" uspid="30" ordinal="1" sl="30" sc="1" el="30" ec="2" bec="0" bev="0" fileid="14" />
                <SequencePoint vc="1" uspid="31" ordinal="2" sl="31" sc="1" el="31" ec="2" bec="0" bev="0" fileid="14" />
              </SequencePoints>
              <BranchPoints />
              <MethodPoint vc="3" uspid="0" p8:type="SequencePoint" ordinal="2" offset="2" sc="0" sl="29" ec="1" el="31" bec="0" bev="0" fileid="14" xmlns:p8="xsi" />
            </Method>
            <Method cyclomaticComplexity="1" nPathComplexity="1" sequenceCoverage="100" branchCoverage="100" isConstructor="False" isGetter="False" isSetter="False" isStatic="True">
              <Summary numSequencePoints="4" visitedSequencePoints="4" numBranchPoints="0" visitedBranchPoints="0" sequenceCoverage="100" branchCoverage="100" maxCyclomaticComplexity="1" minCyclomaticComplexity="1" visitedClasses="0" numClasses="0" visitedMethods="1" numMethods="1" />
              <MetadataToken />
              <Name>FormBuilder.API.Models.FileAttachment FormBuilder.API.DataAccess.Implementations.FileAttachmentRepository::GetByResponseAndQuestion(System.Int32,System.String)</Name>
              <FileRef uid="14" />
              <SequencePoints>
                <SequencePoint vc="1" uspid="34" ordinal="0" sl="34" sc="1" el="34" ec="2" bec="0" bev="0" fileid="14" />
                <SequencePoint vc="1" uspid="35" ordinal="1" sl="35" sc="1" el="35" ec="2" bec="0" bev="0" fileid="14" />
                <SequencePoint vc="1" uspid="36" ordinal="2" sl="36" sc="1" el="36" ec="2" bec="0" bev="0" fileid="14" />
                <SequencePoint vc="1" uspid="37" ordinal="3" sl="37" sc="1" el="37" ec="2" bec="0" bev="0" fileid="14" />
              </SequencePoints>
              <BranchPoints />
              <MethodPoint vc="4" uspid="0" p8:type="SequencePoint" ordinal="3" offset="3" sc="0" sl="34" ec="1" el="37" bec="0" bev="0" fileid="14" xmlns:p8="xsi" />
            </Method>
            <Method cyclomaticComplexity="1" nPathComplexity="1" sequenceCoverage="100" branchCoverage="100" isConstructor="False" isGetter="False" isSetter="False" isStatic="True">
              <Summary numSequencePoints="5" visitedSequencePoints="5" numBranchPoints="0" visitedBranchPoints="0" sequenceCoverage="100" branchCoverage="100" maxCyclomaticComplexity="1" minCyclomaticComplexity="1" visitedClasses="0" numClasses="0" visitedMethods="1" numMethods="1" />
              <MetadataToken />
              <Name>System.Collections.Generic.List`1&lt;FormBuilder.API.Models.FileAttachment&gt; FormBuilder.API.DataAccess.Implementations.FileAttachmentRepository::GetByResponseId(System.Int32)</Name>
              <FileRef uid="14" />
              <SequencePoints>
                <SequencePoint vc="1" uspid="40" ordinal="0" sl="40" sc="1" el="40" ec="2" bec="0" bev="0" fileid="14" />
                <SequencePoint vc="1" uspid="41" ordinal="1" sl="41" sc="1" el="41" ec="2" bec="0" bev="0" fileid="14" />
                <SequencePoint vc="1" uspid="42" ordinal="2" sl="42" sc="1" el="42" ec="2" bec="0" bev="0" fileid="14" />
                <SequencePoint vc="1" uspid="43" ordinal="3" sl="43" sc="1" el="43" ec="2" bec="0" bev="0" fileid="14" />
                <SequencePoint vc="1" uspid="44" ordinal="4" sl="44" sc="1" el="44" ec="2" bec="0" bev="0" fileid="14" />
              </SequencePoints>
              <BranchPoints />
              <MethodPoint vc="5" uspid="0" p8:type="SequencePoint" ordinal="4" offset="4" sc="0" sl="40" ec="1" el="44" bec="0" bev="0" fileid="14" xmlns:p8="xsi" />
            </Method>
            <Method cyclomaticComplexity="2" nPathComplexity="2" sequenceCoverage="100" branchCoverage="100" isConstructor="False" isGetter="False" isSetter="False" isStatic="True">
              <Summary numSequencePoints="7" visitedSequencePoints="7" numBranchPoints="2" visitedBranchPoints="2" sequenceCoverage="100" branchCoverage="100" maxCyclomaticComplexity="2" minCyclomaticComplexity="2" visitedClasses="0" numClasses="0" visitedMethods="1" numMethods="1" />
              <MetadataToken />
              <Name>System.Void FormBuilder.API.DataAccess.Implementations.FileAttachmentRepository::Delete(System.Int32)</Name>
              <FileRef uid="14" />
              <SequencePoints>
                <SequencePoint vc="1" uspid="47" ordinal="0" sl="47" sc="1" el="47" ec="2" bec="0" bev="0" fileid="14" />
                <SequencePoint vc="1" uspid="48" ordinal="1" sl="48" sc="1" el="48" ec="2" bec="0" bev="0" fileid="14" />
                <SequencePoint vc="1" uspid="49" ordinal="2" sl="49" sc="1" el="49" ec="2" bec="2" bev="2" fileid="14" />
                <SequencePoint vc="1" uspid="50" ordinal="3" sl="50" sc="1" el="50" ec="2" bec="0" bev="0" fileid="14" />
                <SequencePoint vc="1" uspid="51" ordinal="4" sl="51" sc="1" el="51" ec="2" bec="0" bev="0" fileid="14" />
                <SequencePoint vc="1" uspid="52" ordinal="5" sl="52" sc="1" el="52" ec="2" bec="0" bev="0" fileid="14" />
                <SequencePoint vc="1" uspid="53" ordinal="6" sl="53" sc="1" el="53" ec="2" bec="0" bev="0" fileid="14" />
              </SequencePoints>
              <BranchPoints>
                <BranchPoint vc="1" uspid="49" ordinal="0" path="0" offset="39" offsetend="41" sl="49" fileid="14" />
                <BranchPoint vc="1" uspid="49" ordinal="1" path="1" offset="39" offsetend="61" sl="49" fileid="14" />
              </BranchPoints>
              <MethodPoint vc="7" uspid="0" p8:type="SequencePoint" ordinal="5" offset="5" sc="0" sl="47" ec="1" el="53" bec="0" bev="0" fileid="14" xmlns:p8="xsi" />
            </Method>
            <Method cyclomaticComplexity="1" nPathComplexity="1" sequenceCoverage="100" branchCoverage="100" isConstructor="False" isGetter="False" isSetter="False" isStatic="True">
              <Summary numSequencePoints="4" visitedSequencePoints="4" numBranchPoints="0" visitedBranchPoints="0" sequenceCoverage="100" branchCoverage="100" maxCyclomaticComplexity="1" minCyclomaticComplexity="1" visitedClasses="0" numClasses="0" visitedMethods="1" numMethods="1" />
              <MetadataToken />
              <Name>System.Void FormBuilder.API.DataAccess.Implementations.FileAttachmentRepository::DeleteByResponseId(System.Int32)</Name>
              <FileRef uid="14" />
              <SequencePoints>
                <SequencePoint vc="1" uspid="56" ordinal="0" sl="56" sc="1" el="56" ec="2" bec="0" bev="0" fileid="14" />
                <SequencePoint vc="1" uspid="57" ordinal="1" sl="57" sc="1" el="57" ec="2" bec="0" bev="0" fileid="14" />
                <SequencePoint vc="1" uspid="58" ordinal="2" sl="58" sc="1" el="58" ec="2" bec="0" bev="0" fileid="14" />
                <SequencePoint vc="1" uspid="59" ordinal="3" sl="59" sc="1" el="59" ec="2" bec="0" bev="0" fileid="14" />
              </SequencePoints>
              <BranchPoints />
              <MethodPoint vc="4" uspid="0" p8:type="SequencePoint" ordinal="6" offset="6" sc="0" sl="56" ec="1" el="59" bec="0" bev="0" fileid="14" xmlns:p8="xsi" />
            </Method>
            <Method cyclomaticComplexity="1" nPathComplexity="1" sequenceCoverage="100" branchCoverage="100" isConstructor="False" isGetter="False" isSetter="False" isStatic="True">
              <Summary numSequencePoints="3" visitedSequencePoints="3" numBranchPoints="0" visitedBranchPoints="0" sequenceCoverage="100" branchCoverage="100" maxCyclomaticComplexity="1" minCyclomaticComplexity="1" visitedClasses="0" numClasses="0" visitedMethods="1" numMethods="1" />
              <MetadataToken />
              <Name>System.Boolean FormBuilder.API.DataAccess.Implementations.FileAttachmentRepository::SaveChanges()</Name>
              <FileRef uid="14" />
              <SequencePoints>
                <SequencePoint vc="5" uspid="62" ordinal="0" sl="62" sc="1" el="62" ec="2" bec="0" bev="0" fileid="14" />
                <SequencePoint vc="5" uspid="63" ordinal="1" sl="63" sc="1" el="63" ec="2" bec="0" bev="0" fileid="14" />
                <SequencePoint vc="5" uspid="64" ordinal="2" sl="64" sc="1" el="64" ec="2" bec="0" bev="0" fileid="14" />
              </SequencePoints>
              <BranchPoints />
              <MethodPoint vc="3" uspid="0" p8:type="SequencePoint" ordinal="7" offset="7" sc="0" sl="62" ec="1" el="64" bec="0" bev="0" fileid="14" xmlns:p8="xsi" />
            </Method>
            <Method cyclomaticComplexity="1" nPathComplexity="1" sequenceCoverage="100" branchCoverage="100" isConstructor="True" isGetter="False" isSetter="False" isStatic="True">
              <Summary numSequencePoints="4" visitedSequencePoints="4" numBranchPoints="0" visitedBranchPoints="0" sequenceCoverage="100" branchCoverage="100" maxCyclomaticComplexity="1" minCyclomaticComplexity="1" visitedClasses="0" numClasses="0" visitedMethods="1" numMethods="1" />
              <MetadataToken />
              <Name>System.Void FormBuilder.API.DataAccess.Implementations.FileAttachmentRepository::.ctor(FormBuilder.API.Configurations.MySqlDbContext)</Name>
              <FileRef uid="14" />
              <SequencePoints>
                <SequencePoint vc="8" uspid="13" ordinal="0" sl="13" sc="1" el="13" ec="2" bec="0" bev="0" fileid="14" />
                <SequencePoint vc="8" uspid="14" ordinal="1" sl="14" sc="1" el="14" ec="2" bec="0" bev="0" fileid="14" />
                <SequencePoint vc="8" uspid="15" ordinal="2" sl="15" sc="1" el="15" ec="2" bec="0" bev="0" fileid="14" />
                <SequencePoint vc="8" uspid="16" ordinal="3" sl="16" sc="1" el="16" ec="2" bec="0" bev="0" fileid="14" />
              </SequencePoints>
              <BranchPoints />
              <MethodPoint vc="4" uspid="0" p8:type="SequencePoint" ordinal="8" offset="8" sc="0" sl="13" ec="1" el="16" bec="0" bev="0" fileid="14" xmlns:p8="xsi" />
            </Method>
          </Methods>
        </Class>
        <Class>
          <Summary numSequencePoints="125" visitedSequencePoints="90" numBranchPoints="16" visitedBranchPoints="7" sequenceCoverage="72" branchCoverage="43.75" maxCyclomaticComplexity="10" minCyclomaticComplexity="1" visitedClasses="1" numClasses="1" visitedMethods="12" numMethods="14" />
          <FullName>FormBuilder.API.DataAccess.Implementations.FormRepository</FullName>
          <Methods>
            <Method cyclomaticComplexity="1" nPathComplexity="1" sequenceCoverage="100" branchCoverage="100" isConstructor="False" isGetter="False" isSetter="False" isStatic="True">
              <Summary numSequencePoints="1" visitedSequencePoints="1" numBranchPoints="0" visitedBranchPoints="0" sequenceCoverage="100" branchCoverage="100" maxCyclomaticComplexity="1" minCyclomaticComplexity="1" visitedClasses="0" numClasses="0" visitedMethods="1" numMethods="1" />
              <MetadataToken />
              <Name>System.Void FormBuilder.API.DataAccess.Implementations.FormRepository::Add(FormBuilder.API.Models.Form)</Name>
              <FileRef uid="15" />
              <SequencePoints>
                <SequencePoint vc="1" uspid="20" ordinal="0" sl="20" sc="1" el="20" ec="2" bec="0" bev="0" fileid="15" />
              </SequencePoints>
              <BranchPoints />
              <MethodPoint vc="1" uspid="0" p8:type="SequencePoint" ordinal="0" offset="0" sc="0" sl="20" ec="1" el="20" bec="0" bev="0" fileid="15" xmlns:p8="xsi" />
            </Method>
            <Method cyclomaticComplexity="1" nPathComplexity="1" sequenceCoverage="100" branchCoverage="100" isConstructor="False" isGetter="False" isSetter="False" isStatic="True">
              <Summary numSequencePoints="1" visitedSequencePoints="1" numBranchPoints="0" visitedBranchPoints="0" sequenceCoverage="100" branchCoverage="100" maxCyclomaticComplexity="1" minCyclomaticComplexity="1" visitedClasses="0" numClasses="0" visitedMethods="1" numMethods="1" />
              <MetadataToken />
              <Name>FormBuilder.API.Models.Form FormBuilder.API.DataAccess.Implementations.FormRepository::GetById(System.String)</Name>
              <FileRef uid="15" />
              <SequencePoints>
                <SequencePoint vc="5" uspid="22" ordinal="0" sl="22" sc="1" el="22" ec="2" bec="0" bev="0" fileid="15" />
              </SequencePoints>
              <BranchPoints />
              <MethodPoint vc="1" uspid="0" p8:type="SequencePoint" ordinal="1" offset="1" sc="0" sl="22" ec="1" el="22" bec="0" bev="0" fileid="15" xmlns:p8="xsi" />
            </Method>
            <Method cyclomaticComplexity="1" nPathComplexity="1" sequenceCoverage="0" branchCoverage="100" isConstructor="False" isGetter="False" isSetter="False" isStatic="True">
              <Summary numSequencePoints="1" visitedSequencePoints="0" numBranchPoints="0" visitedBranchPoints="0" sequenceCoverage="0" branchCoverage="100" maxCyclomaticComplexity="1" minCyclomaticComplexity="1" visitedClasses="0" numClasses="0" visitedMethods="0" numMethods="1" />
              <MetadataToken />
              <Name>System.Collections.Generic.IEnumerable`1&lt;FormBuilder.API.Models.Form&gt; FormBuilder.API.DataAccess.Implementations.FormRepository::GetAll()</Name>
              <FileRef uid="15" />
              <SequencePoints>
                <SequencePoint vc="0" uspid="24" ordinal="0" sl="24" sc="1" el="24" ec="2" bec="0" bev="0" fileid="15" />
              </SequencePoints>
              <BranchPoints />
              <MethodPoint vc="0" uspid="0" p8:type="SequencePoint" ordinal="2" offset="2" sc="0" sl="24" ec="1" el="24" bec="0" bev="0" fileid="15" xmlns:p8="xsi" />
            </Method>
            <Method cyclomaticComplexity="1" nPathComplexity="1" sequenceCoverage="100" branchCoverage="100" isConstructor="False" isGetter="False" isSetter="False" isStatic="True">
              <Summary numSequencePoints="1" visitedSequencePoints="1" numBranchPoints="0" visitedBranchPoints="0" sequenceCoverage="100" branchCoverage="100" maxCyclomaticComplexity="1" minCyclomaticComplexity="1" visitedClasses="0" numClasses="0" visitedMethods="1" numMethods="1" />
              <MetadataToken />
              <Name>System.Collections.Generic.IEnumerable`1&lt;FormBuilder.API.Models.Form&gt; FormBuilder.API.DataAccess.Implementations.FormRepository::GetByStatus(FormBuilder.API.Models.FormStatus)</Name>
              <FileRef uid="15" />
              <SequencePoints>
                <SequencePoint vc="2" uspid="27" ordinal="0" sl="27" sc="1" el="27" ec="2" bec="0" bev="0" fileid="15" />
              </SequencePoints>
              <BranchPoints />
              <MethodPoint vc="1" uspid="0" p8:type="SequencePoint" ordinal="3" offset="3" sc="0" sl="27" ec="1" el="27" bec="0" bev="0" fileid="15" xmlns:p8="xsi" />
            </Method>
            <Method cyclomaticComplexity="1" nPathComplexity="1" sequenceCoverage="100" branchCoverage="100" isConstructor="False" isGetter="False" isSetter="False" isStatic="True">
              <Summary numSequencePoints="1" visitedSequencePoints="1" numBranchPoints="0" visitedBranchPoints="0" sequenceCoverage="100" branchCoverage="100" maxCyclomaticComplexity="1" minCyclomaticComplexity="1" visitedClasses="0" numClasses="0" visitedMethods="1" numMethods="1" />
              <MetadataToken />
              <Name>System.Void FormBuilder.API.DataAccess.Implementations.FormRepository::Update(FormBuilder.API.Models.Form)</Name>
              <FileRef uid="15" />
              <SequencePoints>
                <SequencePoint vc="1" uspid="30" ordinal="0" sl="30" sc="1" el="30" ec="2" bec="0" bev="0" fileid="15" />
              </SequencePoints>
              <BranchPoints />
              <MethodPoint vc="1" uspid="0" p8:type="SequencePoint" ordinal="4" offset="4" sc="0" sl="30" ec="1" el="30" bec="0" bev="0" fileid="15" xmlns:p8="xsi" />
            </Method>
            <Method cyclomaticComplexity="2" nPathComplexity="2" sequenceCoverage="83.33" branchCoverage="50" isConstructor="False" isGetter="False" isSetter="False" isStatic="True">
              <Summary numSequencePoints="6" visitedSequencePoints="5" numBranchPoints="2" visitedBranchPoints="1" sequenceCoverage="83.33" branchCoverage="50" maxCyclomaticComplexity="2" minCyclomaticComplexity="2" visitedClasses="0" numClasses="0" visitedMethods="1" numMethods="1" />
              <MetadataToken />
              <Name>System.Void FormBuilder.API.DataAccess.Implementations.FormRepository::Delete(System.String)</Name>
              <FileRef uid="15" />
              <SequencePoints>
                <SequencePoint vc="1" uspid="33" ordinal="0" sl="33" sc="1" el="33" ec="2" bec="0" bev="0" fileid="15" />
                <SequencePoint vc="1" uspid="34" ordinal="1" sl="34" sc="1" el="34" ec="2" bec="0" bev="0" fileid="15" />
                <SequencePoint vc="1" uspid="35" ordinal="2" sl="35" sc="1" el="35" ec="2" bec="2" bev="1" fileid="15" />
                <SequencePoint vc="1" uspid="36" ordinal="3" sl="36" sc="1" el="36" ec="2" bec="0" bev="0" fileid="15" />
                <SequencePoint vc="1" uspid="37" ordinal="4" sl="37" sc="1" el="37" ec="2" bec="0" bev="0" fileid="15" />
                <SequencePoint vc="0" uspid="39" ordinal="5" sl="39" sc="1" el="39" ec="2" bec="0" bev="0" fileid="15" />
              </SequencePoints>
              <BranchPoints>
                <BranchPoint vc="1" uspid="35" ordinal="0" path="0" offset="142" offsetend="144" sl="35" fileid="15" />
                <BranchPoint vc="0" uspid="35" ordinal="1" path="1" offset="142" offsetend="172" sl="35" fileid="15" />
              </BranchPoints>
              <MethodPoint vc="5" uspid="0" p8:type="SequencePoint" ordinal="5" offset="5" sc="0" sl="33" ec="1" el="39" bec="0" bev="0" fileid="15" xmlns:p8="xsi" />
            </Method>
            <Method cyclomaticComplexity="2" nPathComplexity="2" sequenceCoverage="0" branchCoverage="0" isConstructor="False" isGetter="False" isSetter="False" isStatic="True">
              <Summary numSequencePoints="20" visitedSequencePoints="0" numBranchPoints="2" visitedBranchPoints="0" sequenceCoverage="0" branchCoverage="0" maxCyclomaticComplexity="2" minCyclomaticComplexity="2" visitedClasses="0" numClasses="0" visitedMethods="0" numMethods="1" />
              <MetadataToken />
              <Name>System.ValueTuple`2&lt;System.Collections.Generic.IEnumerable`1&lt;FormBuilder.API.Models.Form&gt;,System.Int32&gt; FormBuilder.API.DataAccess.Implementations.FormRepository::GetPaginatedForms(System.Int32,System.Int32,System.String)</Name>
              <FileRef uid="15" />
              <SequencePoints>
                <SequencePoint vc="0" uspid="45" ordinal="0" sl="45" sc="1" el="45" ec="2" bec="0" bev="0" fileid="15" />
                <SequencePoint vc="0" uspid="46" ordinal="1" sl="46" sc="1" el="46" ec="2" bec="0" bev="0" fileid="15" />
                <SequencePoint vc="0" uspid="47" ordinal="2" sl="47" sc="1" el="47" ec="2" bec="0" bev="0" fileid="15" />
                <SequencePoint vc="0" uspid="50" ordinal="3" sl="50" sc="1" el="50" ec="2" bec="2" bev="0" fileid="15" />
                <SequencePoint vc="0" uspid="51" ordinal="4" sl="51" sc="1" el="51" ec="2" bec="0" bev="0" fileid="15" />
                <SequencePoint vc="0" uspid="52" ordinal="5" sl="52" sc="1" el="52" ec="2" bec="0" bev="0" fileid="15" />
                <SequencePoint vc="0" uspid="55" ordinal="6" sl="55" sc="1" el="55" ec="2" bec="0" bev="0" fileid="15" />
                <SequencePoint vc="0" uspid="66" ordinal="7" sl="66" sc="1" el="66" ec="2" bec="0" bev="0" fileid="15" />
                <SequencePoint vc="0" uspid="67" ordinal="8" sl="67" sc="1" el="67" ec="2" bec="0" bev="0" fileid="15" />
                <SequencePoint vc="0" uspid="68" ordinal="9" sl="68" sc="1" el="68" ec="2" bec="0" bev="0" fileid="15" />
                <SequencePoint vc="0" uspid="69" ordinal="10" sl="69" sc="1" el="69" ec="2" bec="0" bev="0" fileid="15" />
                <SequencePoint vc="0" uspid="72" ordinal="11" sl="72" sc="1" el="72" ec="2" bec="0" bev="0" fileid="15" />
                <SequencePoint vc="0" uspid="75" ordinal="12" sl="75" sc="1" el="75" ec="2" bec="0" bev="0" fileid="15" />
                <SequencePoint vc="0" uspid="76" ordinal="13" sl="76" sc="1" el="76" ec="2" bec="0" bev="0" fileid="15" />
                <SequencePoint vc="0" uspid="77" ordinal="14" sl="77" sc="1" el="77" ec="2" bec="0" bev="0" fileid="15" />
                <SequencePoint vc="0" uspid="78" ordinal="15" sl="78" sc="1" el="78" ec="2" bec="0" bev="0" fileid="15" />
                <SequencePoint vc="0" uspid="79" ordinal="16" sl="79" sc="1" el="79" ec="2" bec="0" bev="0" fileid="15" />
                <SequencePoint vc="0" uspid="80" ordinal="17" sl="80" sc="1" el="80" ec="2" bec="0" bev="0" fileid="15" />
                <SequencePoint vc="0" uspid="82" ordinal="18" sl="82" sc="1" el="82" ec="2" bec="0" bev="0" fileid="15" />
                <SequencePoint vc="0" uspid="83" ordinal="19" sl="83" sc="1" el="83" ec="2" bec="0" bev="0" fileid="15" />
              </SequencePoints>
              <BranchPoints>
                <BranchPoint vc="0" uspid="50" ordinal="0" path="0" offset="27" offsetend="29" sl="50" fileid="15" />
                <BranchPoint vc="0" uspid="50" ordinal="1" path="1" offset="27" offsetend="132" sl="50" fileid="15" />
              </BranchPoints>
              <MethodPoint vc="0" uspid="0" p8:type="SequencePoint" ordinal="6" offset="6" sc="0" sl="45" ec="1" el="83" bec="0" bev="0" fileid="15" xmlns:p8="xsi" />
            </Method>
            <Method cyclomaticComplexity="1" nPathComplexity="1" sequenceCoverage="100" branchCoverage="100" isConstructor="False" isGetter="False" isSetter="False" isStatic="True">
              <Summary numSequencePoints="14" visitedSequencePoints="14" numBranchPoints="0" visitedBranchPoints="0" sequenceCoverage="100" branchCoverage="100" maxCyclomaticComplexity="1" minCyclomaticComplexity="1" visitedClasses="0" numClasses="0" visitedMethods="1" numMethods="1" />
              <MetadataToken />
              <Name>FormBuilder.API.Models.Form FormBuilder.API.DataAccess.Implementations.FormRepository::CreateConfig(System.String,System.String,System.String)</Name>
              <FileRef uid="15" />
              <SequencePoints>
                <SequencePoint vc="2" uspid="89" ordinal="0" sl="89" sc="1" el="89" ec="2" bec="0" bev="0" fileid="15" />
                <SequencePoint vc="2" uspid="90" ordinal="1" sl="90" sc="1" el="90" ec="2" bec="0" bev="0" fileid="15" />
                <SequencePoint vc="2" uspid="91" ordinal="2" sl="91" sc="1" el="91" ec="2" bec="0" bev="0" fileid="15" />
                <SequencePoint vc="2" uspid="92" ordinal="3" sl="92" sc="1" el="92" ec="2" bec="0" bev="0" fileid="15" />
                <SequencePoint vc="2" uspid="93" ordinal="4" sl="93" sc="1" el="93" ec="2" bec="0" bev="0" fileid="15" />
                <SequencePoint vc="2" uspid="94" ordinal="5" sl="94" sc="1" el="94" ec="2" bec="0" bev="0" fileid="15" />
                <SequencePoint vc="2" uspid="95" ordinal="6" sl="95" sc="1" el="95" ec="2" bec="0" bev="0" fileid="15" />
                <SequencePoint vc="2" uspid="96" ordinal="7" sl="96" sc="1" el="96" ec="2" bec="0" bev="0" fileid="15" />
                <SequencePoint vc="2" uspid="97" ordinal="8" sl="97" sc="1" el="97" ec="2" bec="0" bev="0" fileid="15" />
                <SequencePoint vc="2" uspid="98" ordinal="9" sl="98" sc="1" el="98" ec="2" bec="0" bev="0" fileid="15" />
                <SequencePoint vc="2" uspid="99" ordinal="10" sl="99" sc="1" el="99" ec="2" bec="0" bev="0" fileid="15" />
                <SequencePoint vc="2" uspid="101" ordinal="11" sl="101" sc="1" el="101" ec="2" bec="0" bev="0" fileid="15" />
                <SequencePoint vc="2" uspid="102" ordinal="12" sl="102" sc="1" el="102" ec="2" bec="0" bev="0" fileid="15" />
                <SequencePoint vc="2" uspid="103" ordinal="13" sl="103" sc="1" el="103" ec="2" bec="0" bev="0" fileid="15" />
              </SequencePoints>
              <BranchPoints />
              <MethodPoint vc="14" uspid="0" p8:type="SequencePoint" ordinal="7" offset="7" sc="0" sl="89" ec="1" el="103" bec="0" bev="0" fileid="15" xmlns:p8="xsi" />
            </Method>
            <Method cyclomaticComplexity="2" nPathComplexity="2" sequenceCoverage="75" branchCoverage="50" isConstructor="False" isGetter="False" isSetter="False" isStatic="True">
              <Summary numSequencePoints="24" visitedSequencePoints="18" numBranchPoints="2" visitedBranchPoints="1" sequenceCoverage="75" branchCoverage="50" maxCyclomaticComplexity="2" minCyclomaticComplexity="2" visitedClasses="0" numClasses="0" visitedMethods="1" numMethods="1" />
              <MetadataToken />
              <Name>FormBuilder.API.Models.Form FormBuilder.API.DataAccess.Implementations.FormRepository::CreateLayout(System.String,System.Collections.Generic.List`1&lt;FormBuilder.API.Models.Question&gt;,System.String)</Name>
              <FileRef uid="15" />
              <SequencePoints>
                <SequencePoint vc="2" uspid="109" ordinal="0" sl="109" sc="1" el="109" ec="2" bec="0" bev="0" fileid="15" />
                <SequencePoint vc="2" uspid="111" ordinal="1" sl="111" sc="1" el="111" ec="2" bec="0" bev="0" fileid="15" />
                <SequencePoint vc="2" uspid="113" ordinal="2" sl="113" sc="1" el="113" ec="2" bec="2" bev="1" fileid="15" />
[...]
                <BranchPoint vc="4" uspid="347" ordinal="56" path="0" offset="1358" offsetend="1360" sl="347" fileid="28" />
                <BranchPoint vc="5" uspid="347" ordinal="57" path="1" offset="1358" offsetend="1418" sl="347" fileid="28" />
                <BranchPoint vc="1" uspid="372" ordinal="58" path="0" offset="1479" offsetend="1481" sl="372" fileid="28" />
                <BranchPoint vc="2" uspid="372" ordinal="59" path="1" offset="1479" offsetend="1524" sl="372" fileid="28" />
                <BranchPoint vc="1" uspid="381" ordinal="60" path="0" offset="1538" offsetend="1540" sl="381" fileid="28" />
                <BranchPoint vc="1" uspid="381" ordinal="61" path="1" offset="1538" offsetend="1544" sl="381" fileid="28" />
                <BranchPoint vc="1" uspid="381" ordinal="62" path="0" offset="1550" offsetend="1552" sl="381" fileid="28" />
                <BranchPoint vc="2" uspid="381" ordinal="63" path="1" offset="1550" offsetend="1560" sl="381" fileid="28" />
              </BranchPoints>
              <MethodPoint vc="148" uspid="0" p8:type="SequencePoint" ordinal="4" offset="4" sc="0" sl="197" ec="1" el="384" bec="0" bev="0" fileid="28" xmlns:p8="xsi" />
            </Method>
            <Method cyclomaticComplexity="2" nPathComplexity="2" sequenceCoverage="100" branchCoverage="100" isConstructor="False" isGetter="False" isSetter="False" isStatic="True">
              <Summary numSequencePoints="6" visitedSequencePoints="6" numBranchPoints="2" visitedBranchPoints="2" sequenceCoverage="100" branchCoverage="100" maxCyclomaticComplexity="2" minCyclomaticComplexity="2" visitedClasses="0" numClasses="0" visitedMethods="1" numMethods="1" />
              <MetadataToken />
              <Name>System.ValueTuple`3&lt;System.Boolean,System.String,FormBuilder.API.Models.FileAttachment&gt; FormBuilder.API.Business.Implementations.ResponseManager::GetFileAttachment(System.Int32,System.String)</Name>
              <FileRef uid="28" />
              <SequencePoints>
                <SequencePoint vc="2" uspid="387" ordinal="0" sl="387" sc="1" el="387" ec="2" bec="0" bev="0" fileid="28" />
                <SequencePoint vc="2" uspid="388" ordinal="1" sl="388" sc="1" el="388" ec="2" bec="0" bev="0" fileid="28" />
                <SequencePoint vc="2" uspid="390" ordinal="2" sl="390" sc="1" el="390" ec="2" bec="2" bev="2" fileid="28" />
                <SequencePoint vc="1" uspid="391" ordinal="3" sl="391" sc="1" el="391" ec="2" bec="0" bev="0" fileid="28" />
                <SequencePoint vc="1" uspid="393" ordinal="4" sl="393" sc="1" el="393" ec="2" bec="0" bev="0" fileid="28" />
                <SequencePoint vc="2" uspid="394" ordinal="5" sl="394" sc="1" el="394" ec="2" bec="0" bev="0" fileid="28" />
              </SequencePoints>
              <BranchPoints>
                <BranchPoint vc="1" uspid="390" ordinal="0" path="0" offset="21" offsetend="23" sl="390" fileid="28" />
                <BranchPoint vc="1" uspid="390" ordinal="1" path="1" offset="21" offsetend="38" sl="390" fileid="28" />
              </BranchPoints>
              <MethodPoint vc="6" uspid="0" p8:type="SequencePoint" ordinal="5" offset="5" sc="0" sl="387" ec="1" el="394" bec="0" bev="0" fileid="28" xmlns:p8="xsi" />
            </Method>
            <Method cyclomaticComplexity="2" nPathComplexity="2" sequenceCoverage="100" branchCoverage="100" isConstructor="False" isGetter="False" isSetter="False" isStatic="True">
              <Summary numSequencePoints="21" visitedSequencePoints="21" numBranchPoints="2" visitedBranchPoints="2" sequenceCoverage="100" branchCoverage="100" maxCyclomaticComplexity="2" minCyclomaticComplexity="2" visitedClasses="0" numClasses="0" visitedMethods="1" numMethods="1" />
              <MetadataToken />
              <Name>System.ValueTuple`3&lt;System.Boolean,System.String,System.Object&gt; FormBuilder.API.Business.Implementations.ResponseManager::GetResponseWithFiles(System.Int32)</Name>
              <FileRef uid="28" />
              <SequencePoints>
                <SequencePoint vc="3" uspid="397" ordinal="0" sl="397" sc="1" el="397" ec="2" bec="0" bev="0" fileid="28" />
                <SequencePoint vc="3" uspid="398" ordinal="1" sl="398" sc="1" el="398" ec="2" bec="0" bev="0" fileid="28" />
                <SequencePoint vc="3" uspid="399" ordinal="2" sl="399" sc="1" el="399" ec="2" bec="2" bev="2" fileid="28" />
                <SequencePoint vc="1" uspid="400" ordinal="3" sl="400" sc="1" el="400" ec="2" bec="0" bev="0" fileid="28" />
                <SequencePoint vc="2" uspid="402" ordinal="4" sl="402" sc="1" el="402" ec="2" bec="0" bev="0" fileid="28" />
                <SequencePoint vc="2" uspid="403" ordinal="5" sl="403" sc="1" el="403" ec="2" bec="0" bev="0" fileid="28" />
                <SequencePoint vc="2" uspid="404" ordinal="6" sl="404" sc="1" el="404" ec="2" bec="0" bev="0" fileid="28" />
                <SequencePoint vc="2" uspid="405" ordinal="7" sl="405" sc="1" el="405" ec="2" bec="0" bev="0" fileid="28" />
                <SequencePoint vc="2" uspid="406" ordinal="8" sl="406" sc="1" el="406" ec="2" bec="0" bev="0" fileid="28" />
                <SequencePoint vc="2" uspid="407" ordinal="9" sl="407" sc="1" el="407" ec="2" bec="0" bev="0" fileid="28" />
                <SequencePoint vc="2" uspid="408" ordinal="10" sl="408" sc="1" el="408" ec="2" bec="0" bev="0" fileid="28" />
                <SequencePoint vc="2" uspid="409" ordinal="11" sl="409" sc="1" el="409" ec="2" bec="0" bev="0" fileid="28" />
                <SequencePoint vc="2" uspid="410" ordinal="12" sl="410" sc="1" el="410" ec="2" bec="0" bev="0" fileid="28" />
                <SequencePoint vc="2" uspid="411" ordinal="13" sl="411" sc="1" el="411" ec="2" bec="0" bev="0" fileid="28" />
                <SequencePoint vc="2" uspid="412" ordinal="14" sl="412" sc="1" el="412" ec="2" bec="0" bev="0" fileid="28" />
                <SequencePoint vc="2" uspid="414" ordinal="15" sl="414" sc="1" el="414" ec="2" bec="0" bev="0" fileid="28" />
                <SequencePoint vc="2" uspid="415" ordinal="16" sl="415" sc="1" el="415" ec="2" bec="0" bev="0" fileid="28" />
                <SequencePoint vc="2" uspid="416" ordinal="17" sl="416" sc="1" el="416" ec="2" bec="0" bev="0" fileid="28" />
                <SequencePoint vc="2" uspid="417" ordinal="18" sl="417" sc="1" el="417" ec="2" bec="0" bev="0" fileid="28" />
                <SequencePoint vc="2" uspid="418" ordinal="19" sl="418" sc="1" el="418" ec="2" bec="0" bev="0" fileid="28" />
                <SequencePoint vc="3" uspid="419" ordinal="20" sl="419" sc="1" el="419" ec="2" bec="0" bev="0" fileid="28" />
              </SequencePoints>
              <BranchPoints>
                <BranchPoint vc="1" uspid="399" ordinal="0" path="0" offset="26" offsetend="28" sl="399" fileid="28" />
                <BranchPoint vc="2" uspid="399" ordinal="1" path="1" offset="26" offsetend="43" sl="399" fileid="28" />
              </BranchPoints>
              <MethodPoint vc="21" uspid="0" p8:type="SequencePoint" ordinal="6" offset="6" sc="0" sl="397" ec="1" el="419" bec="0" bev="0" fileid="28" xmlns:p8="xsi" />
            </Method>
            <Method cyclomaticComplexity="24" nPathComplexity="24" sequenceCoverage="100" branchCoverage="58.33" isConstructor="False" isGetter="False" isSetter="False" isStatic="True">
              <Summary numSequencePoints="50" visitedSequencePoints="50" numBranchPoints="24" visitedBranchPoints="14" sequenceCoverage="100" branchCoverage="58.33" maxCyclomaticComplexity="24" minCyclomaticComplexity="24" visitedClasses="0" numClasses="0" visitedMethods="1" numMethods="1" />
              <MetadataToken />
              <Name>System.ValueTuple`3&lt;System.Boolean,System.String,FormBuilder.API.DTOs.Common.PaginatedResponse`1&lt;System.Object&gt;&gt; FormBuilder.API.Business.Implementations.ResponseManager::GetUserSubmissions(System.Int32,System.Int32,System.Int32,System.String)</Name>
              <FileRef uid="28" />
              <SequencePoints>
                <SequencePoint vc="4" uspid="422" ordinal="0" sl="422" sc="1" el="422" ec="2" bec="0" bev="0" fileid="28" />
                <SequencePoint vc="4" uspid="424" ordinal="1" sl="424" sc="1" el="424" ec="2" bec="0" bev="0" fileid="28" />
                <SequencePoint vc="4" uspid="426" ordinal="2" sl="426" sc="1" el="426" ec="2" bec="2" bev="1" fileid="28" />
                <SequencePoint vc="4" uspid="427" ordinal="3" sl="427" sc="1" el="427" ec="2" bec="2" bev="1" fileid="28" />
                <SequencePoint vc="4" uspid="428" ordinal="4" sl="428" sc="1" el="428" ec="2" bec="2" bev="1" fileid="28" />
                <SequencePoint vc="4" uspid="431" ordinal="5" sl="431" sc="1" el="431" ec="2" bec="0" bev="0" fileid="28" />
                <SequencePoint vc="3" uspid="434" ordinal="6" sl="434" sc="1" el="434" ec="2" bec="0" bev="0" fileid="28" />
                <SequencePoint vc="15" uspid="435" ordinal="7" sl="435" sc="1" el="435" ec="2" bec="2" bev="2" fileid="28" />
                <SequencePoint vc="3" uspid="436" ordinal="8" sl="436" sc="1" el="436" ec="2" bec="0" bev="0" fileid="28" />
                <SequencePoint vc="3" uspid="437" ordinal="9" sl="437" sc="1" el="437" ec="2" bec="0" bev="0" fileid="28" />
                <SequencePoint vc="3" uspid="438" ordinal="10" sl="438" sc="1" el="438" ec="2" bec="14" bev="7" fileid="28" />
                <SequencePoint vc="3" uspid="439" ordinal="11" sl="439" sc="1" el="439" ec="2" bec="0" bev="0" fileid="28" />
                <SequencePoint vc="3" uspid="440" ordinal="12" sl="440" sc="1" el="440" ec="2" bec="0" bev="0" fileid="28" />
                <SequencePoint vc="3" uspid="441" ordinal="13" sl="441" sc="1" el="441" ec="2" bec="0" bev="0" fileid="28" />
                <SequencePoint vc="3" uspid="442" ordinal="14" sl="442" sc="1" el="442" ec="2" bec="0" bev="0" fileid="28" />
                <SequencePoint vc="3" uspid="443" ordinal="15" sl="443" sc="1" el="443" ec="2" bec="0" bev="0" fileid="28" />
                <SequencePoint vc="3" uspid="444" ordinal="16" sl="444" sc="1" el="444" ec="2" bec="0" bev="0" fileid="28" />
                <SequencePoint vc="3" uspid="445" ordinal="17" sl="445" sc="1" el="445" ec="2" bec="0" bev="0" fileid="28" />
                <SequencePoint vc="3" uspid="446" ordinal="18" sl="446" sc="1" el="446" ec="2" bec="0" bev="0" fileid="28" />
                <SequencePoint vc="3" uspid="447" ordinal="19" sl="447" sc="1" el="447" ec="2" bec="0" bev="0" fileid="28" />
                <SequencePoint vc="3" uspid="448" ordinal="20" sl="448" sc="1" el="448" ec="2" bec="0" bev="0" fileid="28" />
                <SequencePoint vc="3" uspid="449" ordinal="21" sl="449" sc="1" el="449" ec="2" bec="0" bev="0" fileid="28" />
                <SequencePoint vc="3" uspid="450" ordinal="22" sl="450" sc="1" el="450" ec="2" bec="0" bev="0" fileid="28" />
                <SequencePoint vc="3" uspid="451" ordinal="23" sl="451" sc="1" el="451" ec="2" bec="0" bev="0" fileid="28" />
                <SequencePoint vc="3" uspid="452" ordinal="24" sl="452" sc="1" el="452" ec="2" bec="0" bev="0" fileid="28" />
                <SequencePoint vc="3" uspid="453" ordinal="25" sl="453" sc="1" el="453" ec="2" bec="0" bev="0" fileid="28" />
                <SequencePoint vc="3" uspid="454" ordinal="26" sl="454" sc="1" el="454" ec="2" bec="0" bev="0" fileid="28" />
                <SequencePoint vc="3" uspid="457" ordinal="27" sl="457" sc="1" el="457" ec="2" bec="2" bev="2" fileid="28" />
                <SequencePoint vc="1" uspid="458" ordinal="28" sl="458" sc="1" el="458" ec="2" bec="0" bev="0" fileid="28" />
                <SequencePoint vc="1" uspid="459" ordinal="29" sl="459" sc="1" el="459" ec="2" bec="0" bev="0" fileid="28" />
                <SequencePoint vc="1" uspid="460" ordinal="30" sl="460" sc="1" el="460" ec="2" bec="0" bev="0" fileid="28" />
                <SequencePoint vc="1" uspid="461" ordinal="31" sl="461" sc="1" el="461" ec="2" bec="0" bev="0" fileid="28" />
                <SequencePoint vc="1" uspid="462" ordinal="32" sl="462" sc="1" el="462" ec="2" bec="0" bev="0" fileid="28" />
                <SequencePoint vc="1" uspid="463" ordinal="33" sl="463" sc="1" el="463" ec="2" bec="0" bev="0" fileid="28" />
                <SequencePoint vc="1" uspid="464" ordinal="34" sl="464" sc="1" el="464" ec="2" bec="0" bev="0" fileid="28" />
                <SequencePoint vc="1" uspid="465" ordinal="35" sl="465" sc="1" el="465" ec="2" bec="0" bev="0" fileid="28" />
                <SequencePoint vc="1" uspid="466" ordinal="36" sl="466" sc="1" el="466" ec="2" bec="0" bev="0" fileid="28" />
                <SequencePoint vc="3" uspid="468" ordinal="37" sl="468" sc="1" el="468" ec="2" bec="0" bev="0" fileid="28" />
                <SequencePoint vc="3" uspid="469" ordinal="38" sl="469" sc="1" el="469" ec="2" bec="0" bev="0" fileid="28" />
                <SequencePoint vc="3" uspid="472" ordinal="39" sl="472" sc="1" el="472" ec="2" bec="0" bev="0" fileid="28" />
                <SequencePoint vc="3" uspid="473" ordinal="40" sl="473" sc="1" el="473" ec="2" bec="0" bev="0" fileid="28" />
                <SequencePoint vc="3" uspid="474" ordinal="41" sl="474" sc="1" el="474" ec="2" bec="0" bev="0" fileid="28" />
                <SequencePoint vc="3" uspid="475" ordinal="42" sl="475" sc="1" el="475" ec="2" bec="0" bev="0" fileid="28" />
                <SequencePoint vc="3" uspid="476" ordinal="43" sl="476" sc="1" el="476" ec="2" bec="0" bev="0" fileid="28" />
                <SequencePoint vc="3" uspid="478" ordinal="44" sl="478" sc="1" el="478" ec="2" bec="0" bev="0" fileid="28" />
                <SequencePoint vc="3" uspid="480" ordinal="45" sl="480" sc="1" el="480" ec="2" bec="0" bev="0" fileid="28" />
                <SequencePoint vc="1" uspid="482" ordinal="46" sl="482" sc="1" el="482" ec="2" bec="0" bev="0" fileid="28" />
                <SequencePoint vc="1" uspid="483" ordinal="47" sl="483" sc="1" el="483" ec="2" bec="0" bev="0" fileid="28" />
                <SequencePoint vc="1" uspid="484" ordinal="48" sl="484" sc="1" el="484" ec="2" bec="0" bev="0" fileid="28" />
                <SequencePoint vc="4" uspid="486" ordinal="49" sl="486" sc="1" el="486" ec="2" bec="0" bev="0" fileid="28" />
              </SequencePoints>
              <BranchPoints>
                <BranchPoint vc="0" uspid="426" ordinal="0" path="0" offset="24" offsetend="26" sl="426" fileid="28" />
                <BranchPoint vc="4" uspid="426" ordinal="1" path="1" offset="24" offsetend="29" sl="426" fileid="28" />
                <BranchPoint vc="0" uspid="427" ordinal="2" path="0" offset="40" offsetend="42" sl="427" fileid="28" />
                <BranchPoint vc="4" uspid="427" ordinal="3" path="1" offset="40" offsetend="46" sl="427" fileid="28" />
                <BranchPoint vc="0" uspid="428" ordinal="4" path="0" offset="55" offsetend="57" sl="428" fileid="28" />
                <BranchPoint vc="4" uspid="428" ordinal="5" path="1" offset="55" offsetend="61" sl="428" fileid="28" />
                <BranchPoint vc="3" uspid="435" ordinal="21" path="1" offset="336" offsetend="94" sl="435" fileid="28" />
                <BranchPoint vc="0" uspid="438" ordinal="6" path="0" offset="141" offsetend="143" sl="438" fileid="28" />
                <BranchPoint vc="3" uspid="438" ordinal="7" path="1" offset="141" offsetend="146" sl="438" fileid="28" />
                <BranchPoint vc="0" uspid="438" ordinal="8" path="0" offset="154" offsetend="156" sl="438" fileid="28" />
                <BranchPoint vc="3" uspid="438" ordinal="9" path="1" offset="154" offsetend="162" sl="438" fileid="28" />
                <BranchPoint vc="0" uspid="438" ordinal="10" path="0" offset="164" offsetend="166" sl="438" fileid="28" />
                <BranchPoint vc="3" uspid="438" ordinal="11" path="1" offset="164" offsetend="169" sl="438" fileid="28" />
                <BranchPoint vc="0" uspid="438" ordinal="12" path="0" offset="177" offsetend="179" sl="438" fileid="28" />
                <BranchPoint vc="3" uspid="438" ordinal="13" path="1" offset="177" offsetend="185" sl="438" fileid="28" />
                <BranchPoint vc="0" uspid="438" ordinal="14" path="0" offset="206" offsetend="208" sl="438" fileid="28" />
                <BranchPoint vc="3" uspid="438" ordinal="15" path="1" offset="206" offsetend="220" sl="438" fileid="28" />
                <BranchPoint vc="0" uspid="438" ordinal="16" path="0" offset="228" offsetend="230" sl="438" fileid="28" />
                <BranchPoint vc="3" uspid="438" ordinal="17" path="1" offset="228" offsetend="243" sl="438" fileid="28" />
                <BranchPoint vc="0" uspid="438" ordinal="18" path="0" offset="270" offsetend="272" sl="438" fileid="28" />
                <BranchPoint vc="3" uspid="438" ordinal="19" path="1" offset="270" offsetend="276" sl="438" fileid="28" />
                <BranchPoint vc="3" uspid="435" ordinal="20" path="0" offset="336" offsetend="341" sl="435" fileid="28" />
                <BranchPoint vc="1" uspid="457" ordinal="22" path="0" offset="374" offsetend="376" sl="457" fileid="28" />
                <BranchPoint vc="3" uspid="457" ordinal="23" path="1" offset="374" offsetend="419" sl="457" fileid="28" />
              </BranchPoints>
              <MethodPoint vc="50" uspid="0" p8:type="SequencePoint" ordinal="7" offset="7" sc="0" sl="422" ec="1" el="486" bec="0" bev="0" fileid="28" xmlns:p8="xsi" />
            </Method>
            <Method cyclomaticComplexity="1" nPathComplexity="1" sequenceCoverage="100" branchCoverage="100" isConstructor="True" isGetter="False" isSetter="False" isStatic="True">
              <Summary numSequencePoints="9" visitedSequencePoints="9" numBranchPoints="0" visitedBranchPoints="0" sequenceCoverage="100" branchCoverage="100" maxCyclomaticComplexity="1" minCyclomaticComplexity="1" visitedClasses="0" numClasses="0" visitedMethods="1" numMethods="1" />
              <MetadataToken />
              <Name>System.Void FormBuilder.API.Business.Implementations.ResponseManager::.ctor(FormBuilder.API.DataAccess.Interfaces.IResponseRepository,FormBuilder.API.DataAccess.Interfaces.IFormRepository,FormBuilder.API.DataAccess.Interfaces.IFileAttachmentRepository,FormBuilder.API.Configurations.MySqlDbContext)</Name>
              <FileRef uid="28" />
              <SequencePoints>
                <SequencePoint vc="39" uspid="22" ordinal="0" sl="22" sc="1" el="22" ec="2" bec="0" bev="0" fileid="28" />
                <SequencePoint vc="39" uspid="23" ordinal="1" sl="23" sc="1" el="23" ec="2" bec="0" bev="0" fileid="28" />
                <SequencePoint vc="39" uspid="24" ordinal="2" sl="24" sc="1" el="24" ec="2" bec="0" bev="0" fileid="28" />
                <SequencePoint vc="39" uspid="25" ordinal="3" sl="25" sc="1" el="25" ec="2" bec="0" bev="0" fileid="28" />
                <SequencePoint vc="39" uspid="26" ordinal="4" sl="26" sc="1" el="26" ec="2" bec="0" bev="0" fileid="28" />
                <SequencePoint vc="39" uspid="27" ordinal="5" sl="27" sc="1" el="27" ec="2" bec="0" bev="0" fileid="28" />
                <SequencePoint vc="39" uspid="28" ordinal="6" sl="28" sc="1" el="28" ec="2" bec="0" bev="0" fileid="28" />
                <SequencePoint vc="39" uspid="29" ordinal="7" sl="29" sc="1" el="29" ec="2" bec="0" bev="0" fileid="28" />
                <SequencePoint vc="39" uspid="30" ordinal="8" sl="30" sc="1" el="30" ec="2" bec="0" bev="0" fileid="28" />
              </SequencePoints>
              <BranchPoints />
              <MethodPoint vc="9" uspid="0" p8:type="SequencePoint" ordinal="8" offset="8" sc="0" sl="22" ec="1" el="30" bec="0" bev="0" fileid="28" xmlns:p8="xsi" />
            </Method>
          </Methods>
        </Class>
      </Classes>
    </Module>
  </Modules>
</CoverageSession>